This is pdfTeX, Version 3.141592653-2.6-1.40.25 (MiKTeX 24.1) (preloaded format=pdflatex 2024.7.18)  18 JUL 2024 19:30
entering extended mode
 restricted \write18 enabled.
 file:line:error style messages enabled.
 %&-line parsing enabled.
**c:/Users/WANGZ/Documents/GitHub/EmbedDevelop-Summer2024/Part1-Arduino/Report_Tex/main.tex
(c:/Users/WANGZ/Documents/GitHub/EmbedDevelop-Summer2024/Part1-Arduino/Report_Tex/main.tex
LaTeX2e <2023-11-01> patch level 1
L3 programming layer <2024-01-04>
(C:\Program Files\MiKTeX\tex/latex\base\article.cls
Document Class: article 2023/05/17 v1.4n Standard LaTeX document class
(C:\Program Files\MiKTeX\tex/latex\base\size10.clo
File: size10.clo 2023/05/17 v1.4n Standard LaTeX file (size option)
)
\c@part=\count187
\c@section=\count188
\c@subsection=\count189
\c@subsubsection=\count190
\c@paragraph=\count191
\c@subparagraph=\count192
\c@figure=\count193
\c@table=\count194
\abovecaptionskip=\skip48
\belowcaptionskip=\skip49
\bibindent=\dimen140
) (C:\Program Files\MiKTeX\tex/latex\amsmath\amsmath.sty
Package: amsmath 2023/05/13 v2.17o AMS math features
\@mathmargin=\skip50

For additional information on amsmath, use the `?' option.
(C:\Program Files\MiKTeX\tex/latex\amsmath\amstext.sty
Package: amstext 2021/08/26 v2.01 AMS text
 (C:\Program Files\MiKTeX\tex/latex\amsmath\amsgen.sty
File: amsgen.sty 1999/11/30 v2.0 generic functions
\@emptytoks=\toks17
\ex@=\dimen141
)) (C:\Program Files\MiKTeX\tex/latex\amsmath\amsbsy.sty
Package: amsbsy 1999/11/29 v1.2d Bold Symbols
\pmbraise@=\dimen142
) (C:\Program Files\MiKTeX\tex/latex\amsmath\amsopn.sty
Package: amsopn 2022/04/08 v2.04 operator names
)
\inf@bad=\count195
LaTeX Info: Redefining \frac on input line 234.
\uproot@=\count196
\leftroot@=\count197
LaTeX Info: Redefining \overline on input line 399.
LaTeX Info: Redefining \colon on input line 410.
\classnum@=\count198
\DOTSCASE@=\count199
LaTeX Info: Redefining \ldots on input line 496.
LaTeX Info: Redefining \dots on input line 499.
LaTeX Info: Redefining \cdots on input line 620.
\Mathstrutbox@=\box51
\strutbox@=\box52
LaTeX Info: Redefining \big on input line 722.
LaTeX Info: Redefining \Big on input line 723.
LaTeX Info: Redefining \bigg on input line 724.
LaTeX Info: Redefining \Bigg on input line 725.
\big@size=\dimen143
LaTeX Font Info:    Redeclaring font encoding OML on input line 743.
LaTeX Font Info:    Redeclaring font encoding OMS on input line 744.
\macc@depth=\count266
LaTeX Info: Redefining \bmod on input line 905.
LaTeX Info: Redefining \pmod on input line 910.
LaTeX Info: Redefining \smash on input line 940.
LaTeX Info: Redefining \relbar on input line 970.
LaTeX Info: Redefining \Relbar on input line 971.
\c@MaxMatrixCols=\count267
\dotsspace@=\muskip16
\c@parentequation=\count268
\dspbrk@lvl=\count269
\tag@help=\toks18
\row@=\count270
\column@=\count271
\maxfields@=\count272
\andhelp@=\toks19
\eqnshift@=\dimen144
\alignsep@=\dimen145
\tagshift@=\dimen146
\tagwidth@=\dimen147
\totwidth@=\dimen148
\lineht@=\dimen149
\@envbody=\toks20
\multlinegap=\skip51
\multlinetaggap=\skip52
\mathdisplay@stack=\toks21
LaTeX Info: Redefining \[ on input line 2953.
LaTeX Info: Redefining \] on input line 2954.
) (C:\Program Files\MiKTeX\tex/latex\graphics\graphicx.sty
Package: graphicx 2021/09/16 v1.2d Enhanced LaTeX Graphics (DPC,SPQR)
 (C:\Program Files\MiKTeX\tex/latex\graphics\keyval.sty
Package: keyval 2022/05/29 v1.15 key=value parser (DPC)
\KV@toks@=\toks22
) (C:\Program Files\MiKTeX\tex/latex\graphics\graphics.sty
Package: graphics 2022/03/10 v1.4e Standard LaTeX Graphics (DPC,SPQR)
 (C:\Program Files\MiKTeX\tex/latex\graphics\trig.sty
Package: trig 2021/08/11 v1.11 sin cos tan (DPC)
) (C:\Program Files\MiKTeX\tex/latex\graphics-cfg\graphics.cfg
File: graphics.cfg 2016/06/04 v1.11 sample graphics configuration
)
Package graphics Info: Driver file: pdftex.def on input line 107.
 (C:\Program Files\MiKTeX\tex/latex\graphics-def\pdftex.def
File: pdftex.def 2022/09/22 v1.2b Graphics/color driver for pdftex
))
\Gin@req@height=\dimen150
\Gin@req@width=\dimen151
) (C:\Users\WANGZ\AppData\Roaming\MiKTeX\tex/latex/float\float.sty
Package: float 2001/11/08 v1.3d Float enhancements (AL)
\c@float@type=\count273
\float@exts=\toks23
\float@box=\box53
\@float@everytoks=\toks24
\@floatcapt=\box54
) (C:\Program Files\MiKTeX\tex/latex\hyperref\hyperref.sty
Package: hyperref 2023-11-26 v7.01g Hypertext links for LaTeX
 (C:\Program Files\MiKTeX\tex/generic\iftex\iftex.sty
Package: iftex 2022/02/03 v1.0f TeX engine tests
) (C:\Users\WANGZ\AppData\Roaming\MiKTeX\tex/generic/infwarerr\infwarerr.sty
Package: infwarerr 2019/12/03 v1.5 Providing info/warning/error messages (HO)
) (C:\Users\WANGZ\AppData\Roaming\MiKTeX\tex/latex/kvsetkeys\kvsetkeys.sty
Package: kvsetkeys 2022-10-05 v1.19 Key value parser (HO)
) (C:\Users\WANGZ\AppData\Roaming\MiKTeX\tex/generic/kvdefinekeys\kvdefinekeys.sty
Package: kvdefinekeys 2019-12-19 v1.6 Define keys (HO)
) (C:\Users\WANGZ\AppData\Roaming\MiKTeX\tex/generic/pdfescape\pdfescape.sty
Package: pdfescape 2019/12/09 v1.15 Implements pdfTeX's escape features (HO)
 (C:\Users\WANGZ\AppData\Roaming\MiKTeX\tex/generic/ltxcmds\ltxcmds.sty
Package: ltxcmds 2023-12-04 v1.26 LaTeX kernel commands for general use (HO)
) (C:\Program Files\MiKTeX\tex/generic\pdftexcmds\pdftexcmds.sty
Package: pdftexcmds 2020-06-27 v0.33 Utility functions of pdfTeX for LuaTeX (HO)
Package pdftexcmds Info: \pdf@primitive is available.
Package pdftexcmds Info: \pdf@ifprimitive is available.
Package pdftexcmds Info: \pdfdraftmode found.
)) (C:\Users\WANGZ\AppData\Roaming\MiKTeX\tex/latex/hycolor\hycolor.sty
Package: hycolor 2020-01-27 v1.10 Color options for hyperref/bookmark (HO)
) (C:\Users\WANGZ\AppData\Roaming\MiKTeX\tex/latex/letltxmacro\letltxmacro.sty
Package: letltxmacro 2019/12/03 v1.6 Let assignment for LaTeX macros (HO)
) (C:\Users\WANGZ\AppData\Roaming\MiKTeX\tex/latex/auxhook\auxhook.sty
Package: auxhook 2019-12-17 v1.6 Hooks for auxiliary files (HO)
) (C:\Program Files\MiKTeX\tex/latex\hyperref\nameref.sty
Package: nameref 2023-11-26 v2.56 Cross-referencing by name of section
 (C:\Users\WANGZ\AppData\Roaming\MiKTeX\tex/latex/refcount\refcount.sty
Package: refcount 2019/12/15 v3.6 Data extraction from label references (HO)
) (C:\Users\WANGZ\AppData\Roaming\MiKTeX\tex/generic/gettitlestring\gettitlestring.sty
Package: gettitlestring 2019/12/15 v1.6 Cleanup title references (HO)
 (C:\Users\WANGZ\AppData\Roaming\MiKTeX\tex/latex/kvoptions\kvoptions.sty
Package: kvoptions 2022-06-15 v3.15 Key value format for package options (HO)
))
\c@section@level=\count274
) (C:\Program Files\MiKTeX\tex/latex\etoolbox\etoolbox.sty
Package: etoolbox 2020/10/05 v2.5k e-TeX tools for LaTeX (JAW)
\etb@tempcnta=\count275
)
\@linkdim=\dimen152
\Hy@linkcounter=\count276
\Hy@pagecounter=\count277
 (C:\Program Files\MiKTeX\tex/latex\hyperref\pd1enc.def
File: pd1enc.def 2023-11-26 v7.01g Hyperref: PDFDocEncoding definition (HO)
Now handling font encoding PD1 ...
... no UTF-8 mapping file for font encoding PD1
) (C:\Users\WANGZ\AppData\Roaming\MiKTeX\tex/generic/intcalc\intcalc.sty
Package: intcalc 2019/12/15 v1.3 Expandable calculations with integers (HO)
)
\Hy@SavedSpaceFactor=\count278
 (C:\Program Files\MiKTeX\tex/latex\hyperref\puenc.def
File: puenc.def 2023-11-26 v7.01g Hyperref: PDF Unicode definition (HO)
Now handling font encoding PU ...
... no UTF-8 mapping file for font encoding PU
)
Package hyperref Info: Hyper figures OFF on input line 4181.
Package hyperref Info: Link nesting OFF on input line 4186.
Package hyperref Info: Hyper index ON on input line 4189.
Package hyperref Info: Plain pages OFF on input line 4196.
Package hyperref Info: Backreferencing OFF on input line 4201.
Package hyperref Info: Implicit mode ON; LaTeX internals redefined.
Package hyperref Info: Bookmarks ON on input line 4448.
\c@Hy@tempcnt=\count279
 (C:\Program Files\MiKTeX\tex/latex\url\url.sty
\Urlmuskip=\muskip17
Package: url 2013/09/16  ver 3.4  Verb mode for urls, etc.
)
LaTeX Info: Redefining \url on input line 4786.
\XeTeXLinkMargin=\dimen153
 (C:\Users\WANGZ\AppData\Roaming\MiKTeX\tex/generic/bitset\bitset.sty
Package: bitset 2019/12/09 v1.3 Handle bit-vector datatype (HO)
 (C:\Users\WANGZ\AppData\Roaming\MiKTeX\tex/generic/bigintcalc\bigintcalc.sty
Package: bigintcalc 2019/12/15 v1.5 Expandable calculations on big integers (HO)
))
\Fld@menulength=\count280
\Field@Width=\dimen154
\Fld@charsize=\dimen155
Package hyperref Info: Hyper figures OFF on input line 6065.
Package hyperref Info: Link nesting OFF on input line 6070.
Package hyperref Info: Hyper index ON on input line 6073.
Package hyperref Info: backreferencing OFF on input line 6080.
Package hyperref Info: Link coloring OFF on input line 6085.
Package hyperref Info: Link coloring with OCG OFF on input line 6090.
Package hyperref Info: PDF/A mode OFF on input line 6095.
 (C:\Program Files\MiKTeX\tex/latex\base\atbegshi-ltx.sty
Package: atbegshi-ltx 2021/01/10 v1.0c Emulation of the original atbegshi
package with kernel methods
)
\Hy@abspage=\count281
\c@Item=\count282
\c@Hfootnote=\count283
)
Package hyperref Info: Driver (autodetected): hpdftex.
 (C:\Program Files\MiKTeX\tex/latex\hyperref\hpdftex.def
File: hpdftex.def 2023-11-26 v7.01g Hyperref driver for pdfTeX
 (C:\Program Files\MiKTeX\tex/latex\base\atveryend-ltx.sty
Package: atveryend-ltx 2020/08/19 v1.0a Emulation of the original atveryend package
with kernel methods
)
\Fld@listcount=\count284
\c@bookmark@seq@number=\count285
 (C:\Users\WANGZ\AppData\Roaming\MiKTeX\tex/latex/rerunfilecheck\rerunfilecheck.sty
Package: rerunfilecheck 2022-07-10 v1.10 Rerun checks for auxiliary files (HO)
 (C:\Users\WANGZ\AppData\Roaming\MiKTeX\tex/generic/uniquecounter\uniquecounter.sty
Package: uniquecounter 2019/12/15 v1.4 Provide unlimited unique counter (HO)
)
Package uniquecounter Info: New unique counter `rerunfilecheck' on input line 285.
)
\Hy@SectionHShift=\skip53
) (C:\Users\WANGZ\AppData\Roaming\MiKTeX\tex/latex/fancyhdr\fancyhdr.sty
Package: fancyhdr 2024/04/23 v4.2 Extensive control of page headers and footers
\f@nch@headwidth=\skip54
\f@nch@O@elh=\skip55
\f@nch@O@erh=\skip56
\f@nch@O@olh=\skip57
\f@nch@O@orh=\skip58
\f@nch@O@elf=\skip59
\f@nch@O@erf=\skip60
\f@nch@O@olf=\skip61
\f@nch@O@orf=\skip62
) (C:\Program Files\MiKTeX\tex/latex\l3backend\l3backend-pdftex.def
File: l3backend-pdftex.def 2024-01-04 L3 backend support: PDF output (pdfTeX)
\l__color_backend_stack_int=\count286
\l__pdf_internal_box=\box55
) (main.aux)
\openout1 = `main.aux'.

LaTeX Font Info:    Checking defaults for OML/cmm/m/it on input line 18.
LaTeX Font Info:    ... okay on input line 18.
LaTeX Font Info:    Checking defaults for OMS/cmsy/m/n on input line 18.
LaTeX Font Info:    ... okay on input line 18.
LaTeX Font Info:    Checking defaults for OT1/cmr/m/n on input line 18.
LaTeX Font Info:    ... okay on input line 18.
LaTeX Font Info:    Checking defaults for T1/cmr/m/n on input line 18.
LaTeX Font Info:    ... okay on input line 18.
LaTeX Font Info:    Checking defaults for TS1/cmr/m/n on input line 18.
LaTeX Font Info:    ... okay on input line 18.
LaTeX Font Info:    Checking defaults for OMX/cmex/m/n on input line 18.
LaTeX Font Info:    ... okay on input line 18.
LaTeX Font Info:    Checking defaults for U/cmr/m/n on input line 18.
LaTeX Font Info:    ... okay on input line 18.
LaTeX Font Info:    Checking defaults for PD1/pdf/m/n on input line 18.
LaTeX Font Info:    ... okay on input line 18.
LaTeX Font Info:    Checking defaults for PU/pdf/m/n on input line 18.
LaTeX Font Info:    ... okay on input line 18.
 (C:\Program Files\MiKTeX\tex\context\base\mkii\supp-pdf.mkii
[Loading MPS to PDF converter (version 2006.09.02).]
\scratchcounter=\count287
\scratchdimen=\dimen156
\scratchbox=\box56
\nofMPsegments=\count288
\nofMParguments=\count289
\everyMPshowfont=\toks25
\MPscratchCnt=\count290
\MPscratchDim=\dimen157
\MPnumerator=\count291
\makeMPintoPDFobject=\count292
\everyMPtoPDFconversion=\toks26
) (C:\Program Files\MiKTeX\tex/latex\epstopdf-pkg\epstopdf-base.sty
Package: epstopdf-base 2020-01-24 v2.11 Base part for package epstopdf
Package epstopdf-base Info: Redefining graphics rule for `.eps' on input line 485.
 (C:\Program Files\MiKTeX\tex/latex\00miktex\epstopdf-sys.cfg
File: epstopdf-sys.cfg 2021/03/18 v2.0 Configuration of epstopdf for MiKTeX
))
Package hyperref Info: Link coloring OFF on input line 18.
 (main.out) (main.out)
\@outlinefile=\write3
\openout3 = `main.out'.


Overfull \hbox (6.4451pt too wide) in paragraph at lines 23--24
\OT1/cmr/m/n/10 The pur-pose of this ex-per-i-men-t is to im-ple-men-t a Proportional-Integral-Derivative
 []

[1

{C:/Users/WANGZ/AppData/Local/MiKTeX/fonts/map/pdftex/pdftex.map}] [2]
Overfull \hbox (32.9967pt too wide) in paragraph at lines 312--312
[]\OT1/cmtt/m/n/10 ==== The program will not run until the serial port is initialized! ====[] 
 []


Overfull \hbox (237.74492pt too wide) in paragraph at lines 312--312
[]\OT1/cmtt/m/n/10 Set PLOTTER to 1 for visualization with the plotter, set to 0 for manual observation through the serial monitor[] 
 []


Overfull \hbox (137.99579pt too wide) in paragraph at lines 312--312
[]\OT1/cmtt/m/n/10 3. After entering the commands, view the current parameter values through the serial monitor[] 
 []


Overfull \hbox (368.99377pt too wide) in paragraph at lines 312--312
[]\OT1/cmtt/m/n/10 #define REVERSE 1 // !!!! If the motor spins to the limit immediately upon activation, reverse the motor polarity by modifying this line[] 
 []


Overfull \hbox (17.24684pt too wide) in paragraph at lines 312--312
[]\OT1/cmtt/m/n/10 float e_last = 0;        // Previous error for derivative calculation[] 
 []


Overfull \hbox (38.24666pt too wide) in paragraph at lines 312--312
[]\OT1/cmtt/m/n/10 const int MIN_PWM = 68;           // Minimum PWM value for motor rotation[] 
 []

[3] [4]
Overfull \hbox (11.99689pt too wide) in paragraph at lines 312--312
[]    \OT1/cmtt/m/n/10 digitalWrite(LED, 1); // Light up the LED if setpoint is reached[] 
 []

[5]
Overfull \hbox (22.4968pt too wide) in paragraph at lines 312--312
[]  \OT1/cmtt/m/n/10 float pos_error = set_point - curr_pos;           // Calculate error[] 
 []


Overfull \hbox (64.49643pt too wide) in paragraph at lines 312--312
[]  \OT1/cmtt/m/n/10 float control_error = set_point - prev_set_point; // Calculate control error[] 
 []


Overfull \hbox (90.7462pt too wide) in paragraph at lines 312--312
[]  \OT1/cmtt/m/n/10 float control_signal = pid(pos_error);            // Calculate PID control signal[] 
 []


Overfull \hbox (53.99652pt too wide) in paragraph at lines 312--312
[]  \OT1/cmtt/m/n/10 // Ensure control signal absolute value is not below the minimum PWM value[] 
 []


Overfull \hbox (95.99615pt too wide) in paragraph at lines 312--312
[]  \OT1/cmtt/m/n/10 if (abs(pos_error) < POSITION_THRESHOLD && abs(control_error) < CONTROL_THRESHOLD)[] 
 []

[6]
Overfull \hbox (101.24611pt too wide) in paragraph at lines 312--312
[]    \OT1/cmtt/m/n/10 delay(delay_time); // Short delay to avoid overly frequent control signal updates[] 
 []

[7]
Overfull \hbox (1.49698pt too wide) in paragraph at lines 629--629
[]        \OT1/cmtt/m/n/10 self.port_label = tk.Label(self.root, text="Select Port:")[] 
 []


Overfull \hbox (153.74565pt too wide) in paragraph at lines 629--629
[]        \OT1/cmtt/m/n/10 self.connect_button = tk.Button(self.root, text="Connect", command=self.connect_serial)[] 
 []


Overfull \hbox (101.24611pt too wide) in paragraph at lines 629--629
[]        \OT1/cmtt/m/n/10 self.connection_status = tk.Label(self.root, text="Not Connected", bg="grey")[] 
 []

[8]
Overfull \hbox (164.24556pt too wide) in paragraph at lines 629--629
[]        \OT1/cmtt/m/n/10 self.kp_scale = tk.Scale(self.root, from_=0, to=10, resolution=0.1, orient=tk.HORIZONTAL)[] 
 []


Overfull \hbox (95.99615pt too wide) in paragraph at lines 629--629
[]        \OT1/cmtt/m/n/10 self.kp_button = tk.Button(self.root, text="Set Kp", command=self.update_kp)[] 
 []


Overfull \hbox (164.24556pt too wide) in paragraph at lines 629--629
[]        \OT1/cmtt/m/n/10 self.ki_scale = tk.Scale(self.root, from_=0, to=10, resolution=0.1, orient=tk.HORIZONTAL)[] 
 []


Overfull \hbox (95.99615pt too wide) in paragraph at lines 629--629
[]        \OT1/cmtt/m/n/10 self.ki_button = tk.Button(self.root, text="Set Ki", command=self.update_ki)[] 
 []


Overfull \hbox (164.24556pt too wide) in paragraph at lines 629--629
[]        \OT1/cmtt/m/n/10 self.kd_scale = tk.Scale(self.root, from_=0, to=10, resolution=0.1, orient=tk.HORIZONTAL)[] 
 []


Overfull \hbox (95.99615pt too wide) in paragraph at lines 629--629
[]        \OT1/cmtt/m/n/10 self.kd_button = tk.Button(self.root, text="Set Kd", command=self.update_kd)[] 
 []


Overfull \hbox (6.74693pt too wide) in paragraph at lines 629--629
[]        \OT1/cmtt/m/n/10 self.setpoint_label = tk.Label(self.root, text="Set Point")[] 
 []


Overfull \hbox (195.74529pt too wide) in paragraph at lines 629--629
[]        \OT1/cmtt/m/n/10 self.setpoint_button = tk.Button(self.root, text="Set Set Point", command=self.update_setpoint)[] 
 []


Overfull \hbox (90.7462pt too wide) in paragraph at lines 629--629
[]        \OT1/cmtt/m/n/10 self.current_position_label = tk.Label(self.root, text="Current Position:")[] 
 []


Overfull \hbox (11.99689pt too wide) in paragraph at lines 629--629
[]        \OT1/cmtt/m/n/10 self.current_position_value = tk.Label(self.root, text="0%")[] 
 []


Overfull \hbox (95.99615pt too wide) in paragraph at lines 629--629
[]        \OT1/cmtt/m/n/10 self.setpoint_display_label = tk.Label(self.root, text="Set Point Display:")[] 
 []


Overfull \hbox (11.99689pt too wide) in paragraph at lines 629--629
[]        \OT1/cmtt/m/n/10 self.setpoint_display_value = tk.Label(self.root, text="0%")[] 
 []


Overfull \hbox (27.74675pt too wide) in paragraph at lines 629--629
[]        \OT1/cmtt/m/n/10 self.kp_display_label = tk.Label(self.root, text="Kp Display:")[] 
 []

[9]
Overfull \hbox (27.74675pt too wide) in paragraph at lines 629--629
[]        \OT1/cmtt/m/n/10 self.ki_display_label = tk.Label(self.root, text="Ki Display:")[] 
 []


Overfull \hbox (27.74675pt too wide) in paragraph at lines 629--629
[]        \OT1/cmtt/m/n/10 self.kd_display_label = tk.Label(self.root, text="Kd Display:")[] 
 []


Overfull \hbox (27.74675pt too wide) in paragraph at lines 629--629
[]        \OT1/cmtt/m/n/10 self.led_status = tk.Label(self.root, text="TUNING", bg="grey")[] 
 []


Overfull \hbox (59.24648pt too wide) in paragraph at lines 629--629
[]        \OT1/cmtt/m/n/10 self.canvas = tk.Canvas(self.root, width=200, height=200, bg="white")[] 
 []


Overfull \hbox (200.99524pt too wide) in paragraph at lines 629--629
[]        \OT1/cmtt/m/n/10 self.arc = self.canvas.create_arc(50, 50, 150, 150, start=90, extent=0, outline="blue", width=2)[] 
 []


Overfull \hbox (248.24483pt too wide) in paragraph at lines 629--629
[]        \OT1/cmtt/m/n/10 self.set_point_arc = self.canvas.create_arc(50, 50, 150, 150, start=90, extent=0, outline="red", width=2)[] 
 []


Overfull \hbox (174.74547pt too wide) in paragraph at lines 629--629
[]        \OT1/cmtt/m/n/10 self.text_box = scrolledtext.ScrolledText(self.root, width=50, height=10, state='disabled')[] 
 []


Overfull \hbox (53.99652pt too wide) in paragraph at lines 629--629
[]        \OT1/cmtt/m/n/10 self.text_box.grid(row=11, column=0, columnspan=5, padx=10, pady=10)[] 
 []


Overfull \hbox (122.24593pt too wide) in paragraph at lines 629--629
[]        \OT1/cmtt/m/n/10 self.root.after(1000, self.refresh_ports)  # Refresh the port list every 1 second[] 
 []


Overfull \hbox (11.99689pt too wide) in paragraph at lines 629--629
[]                    \OT1/cmtt/m/n/10 self.serial_port_manager.set_name(selected_port)[] 
 []


Overfull \hbox (69.74638pt too wide) in paragraph at lines 629--629
[]                    \OT1/cmtt/m/n/10 self.connection_status.config(text="Connected", bg="green")[] 
 []

[10]
Overfull \hbox (101.24611pt too wide) in paragraph at lines 629--629
[]                    \OT1/cmtt/m/n/10 self.connection_status.config(text="Connection Failed", bg="red")[] 
 []


Overfull \hbox (74.99634pt too wide) in paragraph at lines 629--629
[]                \OT1/cmtt/m/n/10 self.connection_status.config(text="No Port Selected", bg="red")[] 
 []


Overfull \hbox (22.4968pt too wide) in paragraph at lines 629--629
[]        \OT1/cmtt/m/n/10 self.connection_status.config(text="Not Connected", bg="grey")[] 
 []


Overfull \hbox (11.99689pt too wide) in paragraph at lines 629--629
[]                    \OT1/cmtt/m/n/10 self.serial_port_manager.write(command.encode())[] 
 []

[11]
Overfull \hbox (48.74657pt too wide) in paragraph at lines 629--629
[]        \OT1/cmtt/m/n/10 line = self.serial_port_manager.read_line().decode('utf-8').strip()[] 
 []


Overfull \hbox (32.9967pt too wide) in paragraph at lines 629--629
[]                \OT1/cmtt/m/n/10 self.setpoint_display_value.config(text=f"{set_point}%")[] 
 []


Overfull \hbox (27.74675pt too wide) in paragraph at lines 629--629
[]                \OT1/cmtt/m/n/10 self.current_position_value.config(text=f"{curr_pos}%")[] 
 []


Overfull \hbox (11.99689pt too wide) in paragraph at lines 629--629
[]                    \OT1/cmtt/m/n/10 self.led_status.config(text="READY", bg="green")[] 
 []


Overfull \hbox (22.4968pt too wide) in paragraph at lines 629--629
[]                    \OT1/cmtt/m/n/10 self.led_status.config(text="TUNING", bg="yellow")[] 
 []


Overfull \hbox (48.74657pt too wide) in paragraph at lines 629--629
[]        \OT1/cmtt/m/n/10 self.canvas.itemconfig(self.set_point_arc, extent=set_point_extent)[] 
 []


Overfull \hbox (6.74693pt too wide) in paragraph at lines 629--629
[]        \OT1/cmtt/m/n/10 self.canvas.itemconfig(self.arc, extent=current_pos_extent)[] 
 []


Overfull \hbox (6.74693pt too wide) in paragraph at lines 629--629
[]        \OT1/cmtt/m/n/10 serial_port_buffer = self.serial_port_manager.read_buffer()[] 
 []


Overfull \hbox (69.74638pt too wide) in paragraph at lines 629--629
[]        \OT1/cmtt/m/n/10 if serial_port_buffer:  # Ensure there's something to decode and insert[] 
 []


Overfull \hbox (53.99652pt too wide) in paragraph at lines 629--629
[]            \OT1/cmtt/m/n/10 self.text_box.insert(tk.END, serial_port_buffer.decode("ascii"))[] 
 []

[12]
Overfull \hbox (64.49643pt too wide) in paragraph at lines 629--629
[]        \OT1/cmtt/m/n/10 self.serial_port_thread = threading.Thread(target=self.thread_handler)[] 
 []


Overfull \hbox (6.74693pt too wide) in paragraph at lines 629--629
[]                        \OT1/cmtt/m/n/10 serial_port_byte = self.serial_port.read(1)[] 
 []


Overfull \hbox (206.2452pt too wide) in paragraph at lines 629--629
[]                        \OT1/cmtt/m/n/10 self.serial_port_buffer.append(int.from_bytes(serial_port_byte, byteorder='big'))[] 
 []


Overfull \hbox (53.99652pt too wide) in paragraph at lines 629--629
[]                        \OT1/cmtt/m/n/10 self.line_buffer += serial_port_byte.decode('utf-8')[] 
 []

[13]
Overfull \hbox (22.4968pt too wide) in paragraph at lines 629--629
[]            \OT1/cmtt/m/n/10 print(f"Update app with data: {data_line}")  # Debug print[] 
 []


Overfull \hbox (53.99652pt too wide) in paragraph at lines 629--629
[]                \OT1/cmtt/m/n/10 self.app.setpoint_display_value.config(text=f"{set_point}%")[] 
 []


Overfull \hbox (48.74657pt too wide) in paragraph at lines 629--629
[]                \OT1/cmtt/m/n/10 self.app.current_position_value.config(text=f"{curr_pos}%")[] 
 []


Overfull \hbox (32.9967pt too wide) in paragraph at lines 629--629
[]                    \OT1/cmtt/m/n/10 self.app.led_status.config(text="READY", bg="green")[] 
 []


Overfull \hbox (43.49661pt too wide) in paragraph at lines 629--629
[]                    \OT1/cmtt/m/n/10 self.app.led_status.config(text="TUNING", bg="yellow")[] 
 []

[14] [15] [16] (main.aux)
 ***********
LaTeX2e <2023-11-01> patch level 1
L3 programming layer <2024-01-04>
 ***********
Package rerunfilecheck Info: File `main.out' has not changed.
(rerunfilecheck)             Checksum: 67151EAE01DA0AEDFDAA160286E11D73;1354.
 ) 
Here is how much of TeX's memory you used:
 9348 strings out of 476402
 143327 string characters out of 5795892
 1941542 words of memory out of 5000000
 31258 multiletter control sequences out of 15000+600000
 563955 words of font info for 57 fonts, out of 8000000 for 9000
 14 hyphenation exceptions out of 8191
 75i,11n,79p,560b,597s stack positions out of 10000i,1000n,20000p,200000b,200000s
 <C:\Users\WANGZ\AppData\Local\MiKTeX\fonts/pk/ljfour/jknappen/ec/dpi600\tcrm1000.pk><C:/Program Files/MiKTeX/fonts/type1/public/amsfonts/cm/cmbx10.pfb><C:/Program Files/MiKTeX/fonts/type1/public/amsfonts/cm/cmbx12.pfb><C:/Program Files/MiKTeX/fonts/type1/public/amsfonts/cm/cmex10.pfb><C:/Program Files/MiKTeX/fonts/type1/public/amsfonts/cm/cmmi10.pfb><C:/Program Files/MiKTeX/fonts/type1/public/amsfonts/cm/cmmi7.pfb><C:/Program Files/MiKTeX/fonts/type1/public/amsfonts/cm/cmr10.pfb><C:/Program Files/MiKTeX/fonts/type1/public/amsfonts/cm/cmr12.pfb><C:/Program Files/MiKTeX/fonts/type1/public/amsfonts/cm/cmr17.pfb><C:/Program Files/MiKTeX/fonts/type1/public/amsfonts/cm/cmr7.pfb><C:/Program Files/MiKTeX/fonts/type1/public/amsfonts/cm/cmtt10.pfb>
Output written on main.pdf (16 pages, 172883 bytes).
PDF statistics:
 190 PDF objects out of 1000 (max. 8388607)
 35 named destinations out of 1000 (max. 500000)
 81 words of extra memory for PDF output out of 10000 (max. 10000000)

