This is XeTeX, Version 3.141592653-2.6-0.999995 (MiKTeX 24.1) (preloaded format=xelatex 2024.7.16)  16 JUL 2024 23:04
entering extended mode
 restricted \write18 enabled.
 file:line:error style messages enabled.
 %&-line parsing enabled.
**c:/Users/WANGZ/Documents/GitHub/EmbedDevelop-Summer2024/Part1-Arduino/报告Tex/main.tex
(c:/Users/WANGZ/Documents/GitHub/EmbedDevelop-Summer2024/Part1-Arduino/报告Tex/main.tex
LaTeX2e <2023-11-01> patch level 1
L3 programming layer <2024-01-04>
(C:\Program Files\MiKTeX\tex/latex/base\article.cls
Document Class: article 2023/05/17 v1.4n Standard LaTeX document class
(C:\Program Files\MiKTeX\tex/latex/base\size10.clo
File: size10.clo 2023/05/17 v1.4n Standard LaTeX file (size option)
)
\c@part=\count183
\c@section=\count184
\c@subsection=\count185
\c@subsubsection=\count186
\c@paragraph=\count187
\c@subparagraph=\count188
\c@figure=\count189
\c@table=\count190
\abovecaptionskip=\skip48
\belowcaptionskip=\skip49
\bibindent=\dimen140
) (C:\Users\WANGZ\AppData\Roaming\MiKTeX\tex/xelatex/xecjk\xeCJK.sty (C:\Program Files\MiKTeX\tex/latex/l3kernel\expl3.sty
Package: expl3 2024-01-04 L3 programming layer (loader) 
 (C:\Program Files\MiKTeX\tex/latex/l3backend\l3backend-xetex.def
File: l3backend-xetex.def 2024-01-04 L3 backend support: XeTeX
\g__graphics_track_int=\count191
\l__pdf_internal_box=\box51
\g__pdf_backend_object_int=\count192
\g__pdf_backend_annotation_int=\count193
\g__pdf_backend_link_int=\count194
))
Package: xeCJK 2022/08/05 v3.9.1 Typesetting CJK scripts with XeLaTeX
 (C:\Users\WANGZ\AppData\Roaming\MiKTeX\tex/latex/ctex\ctexhook.sty
Package: ctexhook 2022/07/14 v2.5.10 Document and package hooks (CTEX)
) (C:\Program Files\MiKTeX\tex/latex/l3packages/xtemplate\xtemplate.sty
Package: xtemplate 2023-10-10 L3 Experimental prototype document functions
\l__xtemplate_tmp_dim=\dimen141
\l__xtemplate_tmp_int=\count195
\l__xtemplate_tmp_muskip=\muskip16
\l__xtemplate_tmp_skip=\skip50
)
\l__xeCJK_tmp_int=\count196
\l__xeCJK_tmp_box=\box52
\l__xeCJK_tmp_dim=\dimen142
\l__xeCJK_tmp_skip=\skip51
\g__xeCJK_space_factor_int=\count197
\l__xeCJK_begin_int=\count198
\l__xeCJK_end_int=\count199
\c__xeCJK_CJK_class_int=\XeTeXcharclass1
\c__xeCJK_FullLeft_class_int=\XeTeXcharclass2
\c__xeCJK_FullRight_class_int=\XeTeXcharclass3
\c__xeCJK_HalfLeft_class_int=\XeTeXcharclass4
\c__xeCJK_HalfRight_class_int=\XeTeXcharclass5
\c__xeCJK_NormalSpace_class_int=\XeTeXcharclass6
\c__xeCJK_CM_class_int=\XeTeXcharclass7
\c__xeCJK_HangulJamo_class_int=\XeTeXcharclass8
\l__xeCJK_last_skip=\skip52
\c__xeCJK_none_node=\count266
\g__xeCJK_node_int=\count267
\c__xeCJK_CJK_node_dim=\dimen143
\c__xeCJK_CJK-space_node_dim=\dimen144
\c__xeCJK_default_node_dim=\dimen145
\c__xeCJK_CJK-widow_node_dim=\dimen146
\c__xeCJK_normalspace_node_dim=\dimen147
\c__xeCJK_default-space_node_skip=\skip53
\l__xeCJK_ccglue_skip=\skip54
\l__xeCJK_ecglue_skip=\skip55
\l__xeCJK_punct_kern_skip=\skip56
\l__xeCJK_indent_box=\box53
\l__xeCJK_last_penalty_int=\count268
\l__xeCJK_last_bound_dim=\dimen148
\l__xeCJK_last_kern_dim=\dimen149
\l__xeCJK_widow_penalty_int=\count269

Package xtemplate Info: Declaring object type 'xeCJK/punctuation' taking 0
(xtemplate)             argument(s) on line 2396.

\l__xeCJK_fixed_punct_width_dim=\dimen150
\l__xeCJK_mixed_punct_width_dim=\dimen151
\l__xeCJK_middle_punct_width_dim=\dimen152
\l__xeCJK_fixed_margin_width_dim=\dimen153
\l__xeCJK_mixed_margin_width_dim=\dimen154
\l__xeCJK_middle_margin_width_dim=\dimen155
\l__xeCJK_bound_punct_width_dim=\dimen156
\l__xeCJK_bound_margin_width_dim=\dimen157
\l__xeCJK_margin_minimum_dim=\dimen158
\l__xeCJK_kerning_total_width_dim=\dimen159
\l__xeCJK_same_align_margin_dim=\dimen160
\l__xeCJK_different_align_margin_dim=\dimen161
\l__xeCJK_kerning_margin_width_dim=\dimen162
\l__xeCJK_kerning_margin_minimum_dim=\dimen163
\l__xeCJK_bound_dim=\dimen164
\l__xeCJK_reverse_bound_dim=\dimen165
\l__xeCJK_margin_dim=\dimen166
\l__xeCJK_minimum_bound_dim=\dimen167
\l__xeCJK_kerning_margin_dim=\dimen168
\g__xeCJK_family_int=\count270
\l__xeCJK_fam_int=\count271
\g__xeCJK_fam_allocation_int=\count272
\l__xeCJK_verb_case_int=\count273
\l__xeCJK_verb_exspace_skip=\skip57
 (C:\Program Files\MiKTeX\tex/latex/fontspec\fontspec.sty (C:\Program Files\MiKTeX\tex/latex/l3packages/xparse\xparse.sty
Package: xparse 2023-10-10 L3 Experimental document command parser
)
Package: fontspec 2022/01/15 v2.8a Font selection for XeLaTeX and LuaLaTeX
 (C:\Program Files\MiKTeX\tex/latex/fontspec\fontspec-xetex.sty
Package: fontspec-xetex 2022/01/15 v2.8a Font selection for XeLaTeX and LuaLaTeX
\l__fontspec_script_int=\count274
\l__fontspec_language_int=\count275
\l__fontspec_strnum_int=\count276
\l__fontspec_tmp_int=\count277
\l__fontspec_tmpa_int=\count278
\l__fontspec_tmpb_int=\count279
\l__fontspec_tmpc_int=\count280
\l__fontspec_em_int=\count281
\l__fontspec_emdef_int=\count282
\l__fontspec_strong_int=\count283
\l__fontspec_strongdef_int=\count284
\l__fontspec_tmpa_dim=\dimen169
\l__fontspec_tmpb_dim=\dimen170
\l__fontspec_tmpc_dim=\dimen171
 (C:\Program Files\MiKTeX\tex/latex/base\fontenc.sty
Package: fontenc 2021/04/29 v2.0v Standard LaTeX package
) (C:\Program Files\MiKTeX\tex/latex/fontspec\fontspec.cfg))) (C:\Users\WANGZ\AppData\Roaming\MiKTeX\tex/xelatex/xecjk\xeCJK.cfg
File: xeCJK.cfg 2022/08/05 v3.9.1 Configuration file for xeCJK package
))

c:/Users/WANGZ/Documents/GitHub/EmbedDevelop-Summer2024/Part1-Arduino/报告Tex/main.tex:4: Package fontspec Error: The font "Noto Serif CJK SC" cannot be found.

For immediate help type H <return>.
 ...                                              
                                                  
l.4 
    

A font might not be found for many reasons.
 Check the spelling, where the font is installed etc. etc.

 When in doubt, ask someone for help!



Package fontspec Warning: Font "Noto Serif CJK SC" does not contain requested
(fontspec)                Script "CJK".


Package fontspec Info: Could not resolve font "Noto Serif CJK SC/BI" (it
(fontspec)             probably doesn't exist).


Package fontspec Info: Could not resolve font "Noto Serif CJK SC/B" (it
(fontspec)             probably doesn't exist).


Package fontspec Info: Could not resolve font "Noto Serif CJK SC/I" (it
(fontspec)             probably doesn't exist).


c:/Users/WANGZ/Documents/GitHub/EmbedDevelop-Summer2024/Part1-Arduino/报告Tex/main.tex:4: Package fontspec Error: The font "Noto Serif CJK SC" cannot be found.

For immediate help type H <return>.
 ...                                              
                                                  
l.4 
    

A font might not be found for many reasons.
 Check the spelling, where the font is installed etc. etc.

 When in doubt, ask someone for help!



c:/Users/WANGZ/Documents/GitHub/EmbedDevelop-Summer2024/Part1-Arduino/报告Tex/main.tex:4: Package fontspec Error: The font "Noto Serif CJK SC" cannot be found.

For immediate help type H <return>.
 ...                                              
                                                  
l.4 
    

A font might not be found for many reasons.
 Check the spelling, where the font is installed etc. etc.

 When in doubt, ask someone for help!



Package fontspec Info: Font family 'NotoSerifCJKSC(0)' created for font 'Noto
(fontspec)             Serif CJK SC' with options [Script={CJK}].
(fontspec)              
(fontspec)              This font family consists of the following NFSS
(fontspec)             series/shapes:
(fontspec)              
(fontspec)             - 'normal' (m/n) with NFSS spec.: <->"Noto Serif CJK
(fontspec)             SC/OT"
(fontspec)             - 'small caps'  (m/sc) with NFSS spec.: <->"Noto Serif
(fontspec)             CJK SC/OT"

(C:\Program Files\MiKTeX\tex/latex/amsmath\amsmath.sty
Package: amsmath 2023/05/13 v2.17o AMS math features
\@mathmargin=\skip58

For additional information on amsmath, use the `?' option.
(C:\Program Files\MiKTeX\tex/latex/amsmath\amstext.sty
Package: amstext 2021/08/26 v2.01 AMS text
 (C:\Program Files\MiKTeX\tex/latex/amsmath\amsgen.sty
File: amsgen.sty 1999/11/30 v2.0 generic functions
\@emptytoks=\toks17
\ex@=\dimen172
)) (C:\Program Files\MiKTeX\tex/latex/amsmath\amsbsy.sty
Package: amsbsy 1999/11/29 v1.2d Bold Symbols
\pmbraise@=\dimen173
) (C:\Program Files\MiKTeX\tex/latex/amsmath\amsopn.sty
Package: amsopn 2022/04/08 v2.04 operator names
)
\inf@bad=\count285
LaTeX Info: Redefining \frac on input line 234.
\uproot@=\count286
\leftroot@=\count287
LaTeX Info: Redefining \overline on input line 399.
LaTeX Info: Redefining \colon on input line 410.
\classnum@=\count288
\DOTSCASE@=\count289
LaTeX Info: Redefining \ldots on input line 496.
LaTeX Info: Redefining \dots on input line 499.
LaTeX Info: Redefining \cdots on input line 620.
\Mathstrutbox@=\box54
\strutbox@=\box55
LaTeX Info: Redefining \big on input line 722.
LaTeX Info: Redefining \Big on input line 723.
LaTeX Info: Redefining \bigg on input line 724.
LaTeX Info: Redefining \Bigg on input line 725.
\big@size=\dimen174
LaTeX Font Info:    Redeclaring font encoding OML on input line 743.
LaTeX Font Info:    Redeclaring font encoding OMS on input line 744.
\macc@depth=\count290
LaTeX Info: Redefining \bmod on input line 905.
LaTeX Info: Redefining \pmod on input line 910.
LaTeX Info: Redefining \smash on input line 940.
LaTeX Info: Redefining \relbar on input line 970.
LaTeX Info: Redefining \Relbar on input line 971.
\c@MaxMatrixCols=\count291
\dotsspace@=\muskip17
\c@parentequation=\count292
\dspbrk@lvl=\count293
\tag@help=\toks18
\row@=\count294
\column@=\count295
\maxfields@=\count296
\andhelp@=\toks19
\eqnshift@=\dimen175
\alignsep@=\dimen176
\tagshift@=\dimen177
\tagwidth@=\dimen178
\totwidth@=\dimen179
\lineht@=\dimen180
\@envbody=\toks20
\multlinegap=\skip59
\multlinetaggap=\skip60
\mathdisplay@stack=\toks21
LaTeX Info: Redefining \[ on input line 2953.
LaTeX Info: Redefining \] on input line 2954.
) (C:\Program Files\MiKTeX\tex/latex/graphics\graphicx.sty
Package: graphicx 2021/09/16 v1.2d Enhanced LaTeX Graphics (DPC,SPQR)
 (C:\Program Files\MiKTeX\tex/latex/graphics\keyval.sty
Package: keyval 2022/05/29 v1.15 key=value parser (DPC)
\KV@toks@=\toks22
) (C:\Program Files\MiKTeX\tex/latex/graphics\graphics.sty
Package: graphics 2022/03/10 v1.4e Standard LaTeX Graphics (DPC,SPQR)
 (C:\Program Files\MiKTeX\tex/latex/graphics\trig.sty
Package: trig 2021/08/11 v1.11 sin cos tan (DPC)
) (C:\Program Files\MiKTeX\tex/latex/graphics-cfg\graphics.cfg
File: graphics.cfg 2016/06/04 v1.11 sample graphics configuration
)
Package graphics Info: Driver file: xetex.def on input line 107.
 (C:\Program Files\MiKTeX\tex/latex/graphics-def\xetex.def
File: xetex.def 2022/09/22 v5.0n Graphics/color driver for xetex
))
\Gin@req@height=\dimen181
\Gin@req@width=\dimen182
) (C:\Users\WANGZ\AppData\Roaming\MiKTeX\tex/latex/float\float.sty
Package: float 2001/11/08 v1.3d Float enhancements (AL)
\c@float@type=\count297
\float@exts=\toks23
\float@box=\box56
\@float@everytoks=\toks24
\@floatcapt=\box57
) (main.aux)
\openout1 = `main.aux'.

LaTeX Font Info:    Checking defaults for OML/cmm/m/it on input line 13.
LaTeX Font Info:    ... okay on input line 13.
LaTeX Font Info:    Checking defaults for OMS/cmsy/m/n on input line 13.
LaTeX Font Info:    ... okay on input line 13.
LaTeX Font Info:    Checking defaults for OT1/cmr/m/n on input line 13.
LaTeX Font Info:    ... okay on input line 13.
LaTeX Font Info:    Checking defaults for T1/cmr/m/n on input line 13.
LaTeX Font Info:    ... okay on input line 13.
LaTeX Font Info:    Checking defaults for TS1/cmr/m/n on input line 13.
LaTeX Font Info:    Trying to load font information for TS1+cmr on input line 13.
 (C:\Program Files\MiKTeX\tex/latex/base\ts1cmr.fd
File: ts1cmr.fd 2023/04/13 v2.5m Standard LaTeX font definitions
)
LaTeX Font Info:    ... okay on input line 13.
LaTeX Font Info:    Checking defaults for TU/lmr/m/n on input line 13.
LaTeX Font Info:    ... okay on input line 13.
LaTeX Font Info:    Checking defaults for OMX/cmex/m/n on input line 13.
LaTeX Font Info:    ... okay on input line 13.
LaTeX Font Info:    Checking defaults for U/cmr/m/n on input line 13.
LaTeX Font Info:    ... okay on input line 13.

Package fontspec Info: Adjusting the maths setup (use [no-math] to avoid
(fontspec)             this).

\symlegacymaths=\mathgroup4
LaTeX Font Info:    Overwriting symbol font `legacymaths' in version `bold'
(Font)                  OT1/cmr/m/n --> OT1/cmr/bx/n on input line 13.
LaTeX Font Info:    Redeclaring math accent \acute on input line 13.
LaTeX Font Info:    Redeclaring math accent \grave on input line 13.
LaTeX Font Info:    Redeclaring math accent \ddot on input line 13.
LaTeX Font Info:    Redeclaring math accent \tilde on input line 13.
LaTeX Font Info:    Redeclaring math accent \bar on input line 13.
LaTeX Font Info:    Redeclaring math accent \breve on input line 13.
LaTeX Font Info:    Redeclaring math accent \check on input line 13.
LaTeX Font Info:    Redeclaring math accent \hat on input line 13.
LaTeX Font Info:    Redeclaring math accent \dot on input line 13.
LaTeX Font Info:    Redeclaring math accent \mathring on input line 13.
LaTeX Font Info:    Redeclaring math symbol \Gamma on input line 13.
LaTeX Font Info:    Redeclaring math symbol \Delta on input line 13.
LaTeX Font Info:    Redeclaring math symbol \Theta on input line 13.
LaTeX Font Info:    Redeclaring math symbol \Lambda on input line 13.
LaTeX Font Info:    Redeclaring math symbol \Xi on input line 13.
LaTeX Font Info:    Redeclaring math symbol \Pi on input line 13.
LaTeX Font Info:    Redeclaring math symbol \Sigma on input line 13.
LaTeX Font Info:    Redeclaring math symbol \Upsilon on input line 13.
LaTeX Font Info:    Redeclaring math symbol \Phi on input line 13.
LaTeX Font Info:    Redeclaring math symbol \Psi on input line 13.
LaTeX Font Info:    Redeclaring math symbol \Omega on input line 13.
LaTeX Font Info:    Redeclaring math symbol \mathdollar on input line 13.
LaTeX Font Info:    Redeclaring symbol font `operators' on input line 13.
LaTeX Font Info:    Encoding `OT1' has changed to `TU' for symbol font
(Font)              `operators' in the math version `normal' on input line 13.
LaTeX Font Info:    Overwriting symbol font `operators' in version `normal'
(Font)                  OT1/cmr/m/n --> TU/lmr/m/n on input line 13.
LaTeX Font Info:    Encoding `OT1' has changed to `TU' for symbol font
(Font)              `operators' in the math version `bold' on input line 13.
LaTeX Font Info:    Overwriting symbol font `operators' in version `bold'
(Font)                  OT1/cmr/bx/n --> TU/lmr/m/n on input line 13.
LaTeX Font Info:    Overwriting symbol font `operators' in version `normal'
(Font)                  TU/lmr/m/n --> TU/lmr/m/n on input line 13.
LaTeX Font Info:    Overwriting math alphabet `\mathit' in version `normal'
(Font)                  OT1/cmr/m/it --> TU/lmr/m/it on input line 13.
LaTeX Font Info:    Overwriting math alphabet `\mathbf' in version `normal'
(Font)                  OT1/cmr/bx/n --> TU/lmr/b/n on input line 13.
LaTeX Font Info:    Overwriting math alphabet `\mathsf' in version `normal'
(Font)                  OT1/cmss/m/n --> TU/lmss/m/n on input line 13.
LaTeX Font Info:    Overwriting math alphabet `\mathtt' in version `normal'
(Font)                  OT1/cmtt/m/n --> TU/lmtt/m/n on input line 13.
LaTeX Font Info:    Overwriting symbol font `operators' in version `bold'
(Font)                  TU/lmr/m/n --> TU/lmr/b/n on input line 13.
LaTeX Font Info:    Overwriting math alphabet `\mathit' in version `bold'
(Font)                  OT1/cmr/bx/it --> TU/lmr/b/it on input line 13.
LaTeX Font Info:    Overwriting math alphabet `\mathsf' in version `bold'
(Font)                  OT1/cmss/bx/n --> TU/lmss/b/n on input line 13.
LaTeX Font Info:    Overwriting math alphabet `\mathtt' in version `bold'
(Font)                  OT1/cmtt/m/n --> TU/lmtt/b/n on input line 13.

c:/Users/WANGZ/Documents/GitHub/EmbedDevelop-Summer2024/Part1-Arduino/报告Tex/main.tex:15: Font TU/NotoSerifCJKSC(0)/m/n/17.28="Noto Serif CJK SC/OT" at 17.28pt not loadable: Metric (TFM) file or installed font not found.
<to be read again> 
                   relax 
l.15 \maketitle
               
I wasn't able to read the size data for this font,
so I will ignore the font specification.
[Wizards can fix TFM files using TFtoPL/PLtoTF.]
You might try inserting a different font spec;
e.g., type `I\font<same font id>=<substitute font name>'.

Missing character: There is no 实 in font [lmroman17-regular]:mapping=tex-text;!
Missing character: There is no 验 in font [lmroman17-regular]:mapping=tex-text;!
Missing character: There is no 报 in font [lmroman17-regular]:mapping=tex-text;!
Missing character: There is no 告 in font [lmroman17-regular]:mapping=tex-text;!
Missing character: There is no 电 in font [lmroman17-regular]:mapping=tex-text;!
Missing character: There is no 机 in font [lmroman17-regular]:mapping=tex-text;!
Missing character: There is no 控 in font [lmroman17-regular]:mapping=tex-text;!
Missing character: There is no 制 in font [lmroman17-regular]:mapping=tex-text;!
Missing character: There is no 与 in font [lmroman17-regular]:mapping=tex-text;!
Missing character: There is no 调 in font [lmroman17-regular]:mapping=tex-text;!
Missing character: There is no 试 in font [lmroman17-regular]:mapping=tex-text;!
c:/Users/WANGZ/Documents/GitHub/EmbedDevelop-Summer2024/Part1-Arduino/报告Tex/main.tex:15: Font TU/NotoSerifCJKSC(0)/m/n/12="Noto Serif CJK SC/OT" at 12.0pt not loadable: Metric (TFM) file or installed font not found.
<to be read again> 
                   relax 
l.15 \maketitle
               
I wasn't able to read the size data for this font,
so I will ignore the font specification.
[Wizards can fix TFM files using TFtoPL/PLtoTF.]
You might try inserting a different font spec;
e.g., type `I\font<same font id>=<substitute font name>'.

Missing character: There is no 姓 in font [lmroman12-regular]:mapping=tex-text;!
Missing character: There is no 名 in font [lmroman12-regular]:mapping=tex-text;!
c:/Users/WANGZ/Documents/GitHub/EmbedDevelop-Summer2024/Part1-Arduino/报告Tex/main.tex:18: Font TU/NotoSerifCJKSC(0)/m/n/9="Noto Serif CJK SC/OT" at 9.0pt not loadable: Metric (TFM) file or installed font not found.
<to be read again> 
                   relax 
l.18 本
      实验旨在通过Arduino平台对电机进行控制，结合PID算法实现精确的速度和位置调节。我们使用Python编写了一个GUI，通过串口与Ard...
I wasn't able to read the size data for this font,
so I will ignore the font specification.
[Wizards can fix TFM files using TFtoPL/PLtoTF.]
You might try inserting a different font spec;
e.g., type `I\font<same font id>=<substitute font name>'.

Missing character: There is no 本 in font [lmroman9-regular]:mapping=tex-text;!
Missing character: There is no 实 in font [lmroman9-regular]:mapping=tex-text;!
Missing character: There is no 验 in font [lmroman9-regular]:mapping=tex-text;!
Missing character: There is no 旨 in font [lmroman9-regular]:mapping=tex-text;!
Missing character: There is no 在 in font [lmroman9-regular]:mapping=tex-text;!
Missing character: There is no 通 in font [lmroman9-regular]:mapping=tex-text;!
Missing character: There is no 过 in font [lmroman9-regular]:mapping=tex-text;!
Missing character: There is no 平 in font [lmroman9-regular]:mapping=tex-text;!
Missing character: There is no 台 in font [lmroman9-regular]:mapping=tex-text;!
Missing character: There is no 对 in font [lmroman9-regular]:mapping=tex-text;!
Missing character: There is no 电 in font [lmroman9-regular]:mapping=tex-text;!
Missing character: There is no 机 in font [lmroman9-regular]:mapping=tex-text;!
Missing character: There is no 进 in font [lmroman9-regular]:mapping=tex-text;!
Missing character: There is no 行 in font [lmroman9-regular]:mapping=tex-text;!
Missing character: There is no 控 in font [lmroman9-regular]:mapping=tex-text;!
Missing character: There is no 制 in font [lmroman9-regular]:mapping=tex-text;!
Missing character: There is no ， in font [lmroman9-regular]:mapping=tex-text;!
Missing character: There is no 结 in font [lmroman9-regular]:mapping=tex-text;!
Missing character: There is no 合 in font [lmroman9-regular]:mapping=tex-text;!
Missing character: There is no 算 in font [lmroman9-regular]:mapping=tex-text;!
Missing character: There is no 法 in font [lmroman9-regular]:mapping=tex-text;!
Missing character: There is no 实 in font [lmroman9-regular]:mapping=tex-text;!
Missing character: There is no 现 in font [lmroman9-regular]:mapping=tex-text;!
Missing character: There is no 精 in font [lmroman9-regular]:mapping=tex-text;!
Missing character: There is no 确 in font [lmroman9-regular]:mapping=tex-text;!
Missing character: There is no 的 in font [lmroman9-regular]:mapping=tex-text;!
Missing character: There is no 速 in font [lmroman9-regular]:mapping=tex-text;!
Missing character: There is no 度 in font [lmroman9-regular]:mapping=tex-text;!
Missing character: There is no 和 in font [lmroman9-regular]:mapping=tex-text;!
Missing character: There is no 位 in font [lmroman9-regular]:mapping=tex-text;!
Missing character: There is no 置 in font [lmroman9-regular]:mapping=tex-text;!
Missing character: There is no 调 in font [lmroman9-regular]:mapping=tex-text;!
Missing character: There is no 节 in font [lmroman9-regular]:mapping=tex-text;!
Missing character: There is no 。 in font [lmroman9-regular]:mapping=tex-text;!
Missing character: There is no 我 in font [lmroman9-regular]:mapping=tex-text;!
Missing character: There is no 们 in font [lmroman9-regular]:mapping=tex-text;!
Missing character: There is no 使 in font [lmroman9-regular]:mapping=tex-text;!
Missing character: There is no 用 in font [lmroman9-regular]:mapping=tex-text;!
Missing character: There is no 编 in font [lmroman9-regular]:mapping=tex-text;!
Missing character: There is no 写 in font [lmroman9-regular]:mapping=tex-text;!
Missing character: There is no 了 in font [lmroman9-regular]:mapping=tex-text;!
Missing character: There is no 一 in font [lmroman9-regular]:mapping=tex-text;!
Missing character: There is no 个 in font [lmroman9-regular]:mapping=tex-text;!
Missing character: There is no ， in font [lmroman9-regular]:mapping=tex-text;!
Missing character: There is no 通 in font [lmroman9-regular]:mapping=tex-text;!
Missing character: There is no 过 in font [lmroman9-regular]:mapping=tex-text;!
Missing character: There is no 串 in font [lmroman9-regular]:mapping=tex-text;!
Missing character: There is no 口 in font [lmroman9-regular]:mapping=tex-text;!
Missing character: There is no 与 in font [lmroman9-regular]:mapping=tex-text;!
Missing character: There is no 通 in font [lmroman9-regular]:mapping=tex-text;!
Missing character: There is no 信 in font [lmroman9-regular]:mapping=tex-text;!
Missing character: There is no ， in font [lmroman9-regular]:mapping=tex-text;!
Missing character: There is no 实 in font [lmroman9-regular]:mapping=tex-text;!
Missing character: There is no 现 in font [lmroman9-regular]:mapping=tex-text;!
Missing character: There is no 参 in font [lmroman9-regular]:mapping=tex-text;!
Missing character: There is no 数 in font [lmroman9-regular]:mapping=tex-text;!
Missing character: There is no 的 in font [lmroman9-regular]:mapping=tex-text;!
Missing character: There is no 实 in font [lmroman9-regular]:mapping=tex-text;!
Missing character: There is no 时 in font [lmroman9-regular]:mapping=tex-text;!
Missing character: There is no 调 in font [lmroman9-regular]:mapping=tex-text;!
Missing character: There is no 整 in font [lmroman9-regular]:mapping=tex-text;!
Missing character: There is no 和 in font [lmroman9-regular]:mapping=tex-text;!
Missing character: There is no 数 in font [lmroman9-regular]:mapping=tex-text;!
Missing character: There is no 据 in font [lmroman9-regular]:mapping=tex-text;!
Missing character: There is no 可 in font [lmroman9-regular]:mapping=tex-text;!
Missing character: There is no 视 in font [lmroman9-regular]:mapping=tex-text;!
Missing character: There is no 化 in font [lmroman9-regular]:mapping=tex-text;!
Missing character: There is no 。 in font [lmroman9-regular]:mapping=tex-text;!
Missing character: There is no 本 in font [lmroman9-regular]:mapping=tex-text;!
Missing character: There is no 报 in font [lmroman9-regular]:mapping=tex-text;!
Missing character: There is no 告 in font [lmroman9-regular]:mapping=tex-text;!
Missing character: There is no 详 in font [lmroman9-regular]:mapping=tex-text;!
Missing character: There is no 细 in font [lmroman9-regular]:mapping=tex-text;!
Missing character: There is no 描 in font [lmroman9-regular]:mapping=tex-text;!
Missing character: There is no 述 in font [lmroman9-regular]:mapping=tex-text;!
Missing character: There is no 了 in font [lmroman9-regular]:mapping=tex-text;!
Missing character: There is no 硬 in font [lmroman9-regular]:mapping=tex-text;!
Missing character: There is no 件 in font [lmroman9-regular]:mapping=tex-text;!
Missing character: There is no 设 in font [lmroman9-regular]:mapping=tex-text;!
Missing character: There is no 置 in font [lmroman9-regular]:mapping=tex-text;!
Missing character: There is no 、 in font [lmroman9-regular]:mapping=tex-text;!
Missing character: There is no 软 in font [lmroman9-regular]:mapping=tex-text;!
Missing character: There is no 件 in font [lmroman9-regular]:mapping=tex-text;!
Missing character: There is no 实 in font [lmroman9-regular]:mapping=tex-text;!
Missing character: There is no 现 in font [lmroman9-regular]:mapping=tex-text;!
Missing character: There is no 及 in font [lmroman9-regular]:mapping=tex-text;!
Missing character: There is no 实 in font [lmroman9-regular]:mapping=tex-text;!
Missing character: There is no 验 in font [lmroman9-regular]:mapping=tex-text;!
Missing character: There is no 结 in font [lmroman9-regular]:mapping=tex-text;!
Missing character: There is no 果 in font [lmroman9-regular]:mapping=tex-text;!
Missing character: There is no 。 in font [lmroman9-regular]:mapping=tex-text;!

LaTeX Font Warning: Font shape `TU/NotoSerifCJKSC(0)/b/n' undefined
(Font)              using `TU/NotoSerifCJKSC(0)/m/n' instead on input line 21.

c:/Users/WANGZ/Documents/GitHub/EmbedDevelop-Summer2024/Part1-Arduino/报告Tex/main.tex:21: Font TU/NotoSerifCJKSC(0)/m/n/14.4="Noto Serif CJK SC/OT" at 14.4pt not loadable: Metric (TFM) file or installed font not found.
<to be read again> 
                   relax 
l.21 \section{硬件设置}
                   
I wasn't able to read the size data for this font,
so I will ignore the font specification.
[Wizards can fix TFM files using TFtoPL/PLtoTF.]
You might try inserting a different font spec;
e.g., type `I\font<same font id>=<substitute font name>'.

Missing character: There is no 硬 in font [lmroman12-bold]:mapping=tex-text;!
Missing character: There is no 件 in font [lmroman12-bold]:mapping=tex-text;!
Missing character: There is no 设 in font [lmroman12-bold]:mapping=tex-text;!
Missing character: There is no 置 in font [lmroman12-bold]:mapping=tex-text;!
c:/Users/WANGZ/Documents/GitHub/EmbedDevelop-Summer2024/Part1-Arduino/报告Tex/main.tex:23: Font TU/NotoSerifCJKSC(0)/b/n/10="Noto Serif CJK SC/OT" at 10.0pt not loadable: Metric (TFM) file or installed font not found.
<to be read again> 
                   relax 
l.23     \item \textbf{Arduino开发板}
                                  ：用于电机控制和数据采集。
I wasn't able to read the size data for this font,
so I will ignore the font specification.
[Wizards can fix TFM files using TFtoPL/PLtoTF.]
You might try inserting a different font spec;
e.g., type `I\font<same font id>=<substitute font name>'.

Missing character: There is no 开 in font [lmroman10-bold]:mapping=tex-text;!
Missing character: There is no 发 in font [lmroman10-bold]:mapping=tex-text;!
Missing character: There is no 板 in font [lmroman10-bold]:mapping=tex-text;!
c:/Users/WANGZ/Documents/GitHub/EmbedDevelop-Summer2024/Part1-Arduino/报告Tex/main.tex:23: Font TU/NotoSerifCJKSC(0)/m/n/10="Noto Serif CJK SC/OT" at 10.0pt not loadable: Metric (TFM) file or installed font not found.
<to be read again> 
                   relax 
l.23     \item \textbf{Arduino开发板}：
                                   用于电机控制和数据采集。
I wasn't able to read the size data for this font,
so I will ignore the font specification.
[Wizards can fix TFM files using TFtoPL/PLtoTF.]
You might try inserting a different font spec;
e.g., type `I\font<same font id>=<substitute font name>'.

Missing character: There is no ： in font [lmroman10-regular]:mapping=tex-text;!
Missing character: There is no 用 in font [lmroman10-regular]:mapping=tex-text;!
Missing character: There is no 于 in font [lmroman10-regular]:mapping=tex-text;!
Missing character: There is no 电 in font [lmroman10-regular]:mapping=tex-text;!
Missing character: There is no 机 in font [lmroman10-regular]:mapping=tex-text;!
Missing character: There is no 控 in font [lmroman10-regular]:mapping=tex-text;!
Missing character: There is no 制 in font [lmroman10-regular]:mapping=tex-text;!
Missing character: There is no 和 in font [lmroman10-regular]:mapping=tex-text;!
Missing character: There is no 数 in font [lmroman10-regular]:mapping=tex-text;!
Missing character: There is no 据 in font [lmroman10-regular]:mapping=tex-text;!
Missing character: There is no 采 in font [lmroman10-regular]:mapping=tex-text;!
Missing character: There is no 集 in font [lmroman10-regular]:mapping=tex-text;!
Missing character: There is no 。 in font [lmroman10-regular]:mapping=tex-text;!
Missing character: There is no 电 in font [lmroman10-bold]:mapping=tex-text;!
Missing character: There is no 机 in font [lmroman10-bold]:mapping=tex-text;!
Missing character: There is no 驱 in font [lmroman10-bold]:mapping=tex-text;!
Missing character: There is no 动 in font [lmroman10-bold]:mapping=tex-text;!
Missing character: There is no 模 in font [lmroman10-bold]:mapping=tex-text;!
Missing character: There is no 块 in font [lmroman10-bold]:mapping=tex-text;!
Missing character: There is no ： in font [lmroman10-regular]:mapping=tex-text;!
Missing character: There is no 桥 in font [lmroman10-regular]:mapping=tex-text;!
Missing character: There is no 电 in font [lmroman10-regular]:mapping=tex-text;!
Missing character: There is no 机 in font [lmroman10-regular]:mapping=tex-text;!
Missing character: There is no 驱 in font [lmroman10-regular]:mapping=tex-text;!
Missing character: There is no 动 in font [lmroman10-regular]:mapping=tex-text;!
Missing character: There is no ， in font [lmroman10-regular]:mapping=tex-text;!
Missing character: There is no 用 in font [lmroman10-regular]:mapping=tex-text;!
Missing character: There is no 于 in font [lmroman10-regular]:mapping=tex-text;!
Missing character: There is no 控 in font [lmroman10-regular]:mapping=tex-text;!
Missing character: There is no 制 in font [lmroman10-regular]:mapping=tex-text;!
Missing character: There is no 电 in font [lmroman10-regular]:mapping=tex-text;!
Missing character: There is no 机 in font [lmroman10-regular]:mapping=tex-text;!
Missing character: There is no 的 in font [lmroman10-regular]:mapping=tex-text;!
Missing character: There is no 转 in font [lmroman10-regular]:mapping=tex-text;!
Missing character: There is no 动 in font [lmroman10-regular]:mapping=tex-text;!
Missing character: There is no 方 in font [lmroman10-regular]:mapping=tex-text;!
Missing character: There is no 向 in font [lmroman10-regular]:mapping=tex-text;!
Missing character: There is no 和 in font [lmroman10-regular]:mapping=tex-text;!
Missing character: There is no 速 in font [lmroman10-regular]:mapping=tex-text;!
Missing character: There is no 度 in font [lmroman10-regular]:mapping=tex-text;!
Missing character: There is no 。 in font [lmroman10-regular]:mapping=tex-text;!
Missing character: There is no 电 in font [lmroman10-bold]:mapping=tex-text;!
Missing character: There is no 位 in font [lmroman10-bold]:mapping=tex-text;!
Missing character: There is no 器 in font [lmroman10-bold]:mapping=tex-text;!
Missing character: There is no ： in font [lmroman10-regular]:mapping=tex-text;!
Missing character: There is no 用 in font [lmroman10-regular]:mapping=tex-text;!
Missing character: There is no 于 in font [lmroman10-regular]:mapping=tex-text;!
Missing character: There is no 模 in font [lmroman10-regular]:mapping=tex-text;!
Missing character: There is no 拟 in font [lmroman10-regular]:mapping=tex-text;!
Missing character: There is no 设 in font [lmroman10-regular]:mapping=tex-text;!
Missing character: There is no 定 in font [lmroman10-regular]:mapping=tex-text;!
Missing character: There is no 值 in font [lmroman10-regular]:mapping=tex-text;!
Missing character: There is no 输 in font [lmroman10-regular]:mapping=tex-text;!
Missing character: There is no 入 in font [lmroman10-regular]:mapping=tex-text;!
Missing character: There is no 。 in font [lmroman10-regular]:mapping=tex-text;!
Missing character: There is no 传 in font [lmroman10-bold]:mapping=tex-text;!
Missing character: There is no 感 in font [lmroman10-bold]:mapping=tex-text;!
Missing character: There is no 器 in font [lmroman10-bold]:mapping=tex-text;!
Missing character: There is no ： in font [lmroman10-regular]:mapping=tex-text;!
Missing character: There is no 用 in font [lmroman10-regular]:mapping=tex-text;!
Missing character: There is no 于 in font [lmroman10-regular]:mapping=tex-text;!
Missing character: There is no 读 in font [lmroman10-regular]:mapping=tex-text;!
Missing character: There is no 取 in font [lmroman10-regular]:mapping=tex-text;!
Missing character: There is no 电 in font [lmroman10-regular]:mapping=tex-text;!
Missing character: There is no 机 in font [lmroman10-regular]:mapping=tex-text;!
Missing character: There is no 当 in font [lmroman10-regular]:mapping=tex-text;!
Missing character: There is no 前 in font [lmroman10-regular]:mapping=tex-text;!
Missing character: There is no 位 in font [lmroman10-regular]:mapping=tex-text;!
Missing character: There is no 置 in font [lmroman10-regular]:mapping=tex-text;!
Missing character: There is no 。 in font [lmroman10-regular]:mapping=tex-text;!
Missing character: There is no ： in font [lmroman10-regular]:mapping=tex-text;!
Missing character: There is no 指 in font [lmroman10-regular]:mapping=tex-text;!
Missing character: There is no 示 in font [lmroman10-regular]:mapping=tex-text;!
Missing character: There is no 系 in font [lmroman10-regular]:mapping=tex-text;!
Missing character: There is no 统 in font [lmroman10-regular]:mapping=tex-text;!
Missing character: There is no 状 in font [lmroman10-regular]:mapping=tex-text;!
Missing character: There is no 态 in font [lmroman10-regular]:mapping=tex-text;!
Missing character: There is no 。 in font [lmroman10-regular]:mapping=tex-text;!
c:/Users/WANGZ/Documents/GitHub/EmbedDevelop-Summer2024/Part1-Arduino/报告Tex/main.tex:30: Font TU/NotoSerifCJKSC(0)/b/n/14.4="Noto Serif CJK SC/OT" at 14.4pt not loadable: Metric (TFM) file or installed font not found.
<to be read again> 
                   relax 
l.30 \section{软件实现}
                   
I wasn't able to read the size data for this font,
so I will ignore the font specification.
[Wizards can fix TFM files using TFtoPL/PLtoTF.]
You might try inserting a different font spec;
e.g., type `I\font<same font id>=<substitute font name>'.

Missing character: There is no 软 in font [lmroman12-bold]:mapping=tex-text;!
Missing character: There is no 件 in font [lmroman12-bold]:mapping=tex-text;!
Missing character: There is no 实 in font [lmroman12-bold]:mapping=tex-text;!
Missing character: There is no 现 in font [lmroman12-bold]:mapping=tex-text;!
c:/Users/WANGZ/Documents/GitHub/EmbedDevelop-Summer2024/Part1-Arduino/报告Tex/main.tex:31: Font TU/NotoSerifCJKSC(0)/b/n/12="Noto Serif CJK SC/OT" at 12.0pt not loadable: Metric (TFM) file or installed font not found.
<to be read again> 
                   relax 
l.31 \subsection{Arduino代码}
                           
I wasn't able to read the size data for this font,
so I will ignore the font specification.
[Wizards can fix TFM files using TFtoPL/PLtoTF.]
You might try inserting a different font spec;
e.g., type `I\font<same font id>=<substitute font name>'.

Missing character: There is no 代 in font [lmroman12-bold]:mapping=tex-text;!
Missing character: There is no 码 in font [lmroman12-bold]:mapping=tex-text;!
Missing character: There is no 代 in font [lmroman10-regular]:mapping=tex-text;!
Missing character: There is no 码 in font [lmroman10-regular]:mapping=tex-text;!
Missing character: There is no 主 in font [lmroman10-regular]:mapping=tex-text;!
Missing character: There is no 要 in font [lmroman10-regular]:mapping=tex-text;!
Missing character: There is no 包 in font [lmroman10-regular]:mapping=tex-text;!
Missing character: There is no 括 in font [lmroman10-regular]:mapping=tex-text;!
Missing character: There is no 以 in font [lmroman10-regular]:mapping=tex-text;!
Missing character: There is no 下 in font [lmroman10-regular]:mapping=tex-text;!
Missing character: There is no 几 in font [lmroman10-regular]:mapping=tex-text;!
Missing character: There is no 个 in font [lmroman10-regular]:mapping=tex-text;!
Missing character: There is no 部 in font [lmroman10-regular]:mapping=tex-text;!
Missing character: There is no 分 in font [lmroman10-regular]:mapping=tex-text;!
Missing character: There is no ： in font [lmroman10-regular]:mapping=tex-text;!
Missing character: There is no 引 in font [lmroman10-bold]:mapping=tex-text;!
Missing character: There is no 脚 in font [lmroman10-bold]:mapping=tex-text;!
Missing character: There is no 定 in font [lmroman10-bold]:mapping=tex-text;!
Missing character: There is no 义 in font [lmroman10-bold]:mapping=tex-text;!
Missing character: There is no ： in font [lmroman10-regular]:mapping=tex-text;!
Missing character: There is no 电 in font [lmroman10-regular]:mapping=tex-text;!
Missing character: There is no 机 in font [lmroman10-regular]:mapping=tex-text;!
Missing character: There is no 控 in font [lmroman10-regular]:mapping=tex-text;!
Missing character: There is no 制 in font [lmroman10-regular]:mapping=tex-text;!
Missing character: There is no 引 in font [lmroman10-regular]:mapping=tex-text;!
Missing character: There is no 脚 in font [lmroman10-regular]:mapping=tex-text;!
Missing character: There is no ， in font [lmroman10-regular]:mapping=tex-text;!
Missing character: There is no 传 in font [lmroman10-regular]:mapping=tex-text;!
Missing character: There is no 感 in font [lmroman10-regular]:mapping=tex-text;!
Missing character: There is no 器 in font [lmroman10-regular]:mapping=tex-text;!
Missing character: There is no 和 in font [lmroman10-regular]:mapping=tex-text;!
Missing character: There is no 设 in font [lmroman10-regular]:mapping=tex-text;!
Missing character: There is no 定 in font [lmroman10-regular]:mapping=tex-text;!
Missing character: There is no 值 in font [lmroman10-regular]:mapping=tex-text;!
Missing character: There is no 输 in font [lmroman10-regular]:mapping=tex-text;!
Missing character: There is no 入 in font [lmroman10-regular]:mapping=tex-text;!
Missing character: There is no 引 in font [lmroman10-regular]:mapping=tex-text;!
Missing character: There is no 脚 in font [lmroman10-regular]:mapping=tex-text;!
Missing character: There is no ， in font [lmroman10-regular]:mapping=tex-text;!
Missing character: There is no 串 in font [lmroman10-regular]:mapping=tex-text;!
Missing character: There is no 口 in font [lmroman10-regular]:mapping=tex-text;!
Missing character: There is no 通 in font [lmroman10-regular]:mapping=tex-text;!
Missing character: There is no 信 in font [lmroman10-regular]:mapping=tex-text;!
Missing character: There is no 初 in font [lmroman10-regular]:mapping=tex-text;!
Missing character: There is no 始 in font [lmroman10-regular]:mapping=tex-text;!
Missing character: There is no 化 in font [lmroman10-regular]:mapping=tex-text;!
Missing character: There is no 。 in font [lmroman10-regular]:mapping=tex-text;!
Missing character: There is no 算 in font [lmroman10-bold]:mapping=tex-text;!
Missing character: There is no 法 in font [lmroman10-bold]:mapping=tex-text;!
Missing character: There is no ： in font [lmroman10-regular]:mapping=tex-text;!
Missing character: There is no 计 in font [lmroman10-regular]:mapping=tex-text;!
Missing character: There is no 算 in font [lmroman10-regular]:mapping=tex-text;!
Missing character: There is no 误 in font [lmroman10-regular]:mapping=tex-text;!
Missing character: There is no 差 in font [lmroman10-regular]:mapping=tex-text;!
Missing character: There is no 、 in font [lmroman10-regular]:mapping=tex-text;!
Missing character: There is no 积 in font [lmroman10-regular]:mapping=tex-text;!
Missing character: There is no 分 in font [lmroman10-regular]:mapping=tex-text;!
Missing character: There is no 误 in font [lmroman10-regular]:mapping=tex-text;!
Missing character: There is no 差 in font [lmroman10-regular]:mapping=tex-text;!
Missing character: There is no 和 in font [lmroman10-regular]:mapping=tex-text;!
Missing character: There is no 微 in font [lmroman10-regular]:mapping=tex-text;!
Missing character: There is no 分 in font [lmroman10-regular]:mapping=tex-text;!
Missing character: There is no 误 in font [lmroman10-regular]:mapping=tex-text;!
Missing character: There is no 差 in font [lmroman10-regular]:mapping=tex-text;!
Missing character: There is no ， in font [lmroman10-regular]:mapping=tex-text;!
Missing character: There is no 输 in font [lmroman10-regular]:mapping=tex-text;!
Missing character: There is no 出 in font [lmroman10-regular]:mapping=tex-text;!
Missing character: There is no 控 in font [lmroman10-regular]:mapping=tex-text;!
Missing character: There is no 制 in font [lmroman10-regular]:mapping=tex-text;!
Missing character: There is no 信 in font [lmroman10-regular]:mapping=tex-text;!
Missing character: There is no 号 in font [lmroman10-regular]:mapping=tex-text;!
Missing character: There is no 。 in font [lmroman10-regular]:mapping=tex-text;!
Missing character: There is no 串 in font [lmroman10-bold]:mapping=tex-text;!
Missing character: There is no 口 in font [lmroman10-bold]:mapping=tex-text;!
Missing character: There is no 通 in font [lmroman10-bold]:mapping=tex-text;!
Missing character: There is no 信 in font [lmroman10-bold]:mapping=tex-text;!
Missing character: There is no ： in font [lmroman10-regular]:mapping=tex-text;!
Missing character: There is no 接 in font [lmroman10-regular]:mapping=tex-text;!
Missing character: There is no 收 in font [lmroman10-regular]:mapping=tex-text;!
Missing character: There is no 和 in font [lmroman10-regular]:mapping=tex-text;!
Missing character: There is no 解 in font [lmroman10-regular]:mapping=tex-text;!
Missing character: There is no 析 in font [lmroman10-regular]:mapping=tex-text;!
Missing character: There is no 来 in font [lmroman10-regular]:mapping=tex-text;!
Missing character: There is no 自 in font [lmroman10-regular]:mapping=tex-text;!
Missing character: There is no 的 in font [lmroman10-regular]:mapping=tex-text;!
Missing character: There is no 控 in font [lmroman10-regular]:mapping=tex-text;!
Missing character: There is no 制 in font [lmroman10-regular]:mapping=tex-text;!
Missing character: There is no 命 in font [lmroman10-regular]:mapping=tex-text;!
Missing character: There is no 令 in font [lmroman10-regular]:mapping=tex-text;!
Missing character: There is no ， in font [lmroman10-regular]:mapping=tex-text;!
Missing character: There is no 发 in font [lmroman10-regular]:mapping=tex-text;!
Missing character: There is no 送 in font [lmroman10-regular]:mapping=tex-text;!
Missing character: There is no 当 in font [lmroman10-regular]:mapping=tex-text;!
Missing character: There is no 前 in font [lmroman10-regular]:mapping=tex-text;!
Missing character: There is no 状 in font [lmroman10-regular]:mapping=tex-text;!
Missing character: There is no 态 in font [lmroman10-regular]:mapping=tex-text;!
Missing character: There is no 数 in font [lmroman10-regular]:mapping=tex-text;!
Missing character: There is no 据 in font [lmroman10-regular]:mapping=tex-text;!
Missing character: There is no 到 in font [lmroman10-regular]:mapping=tex-text;!
Missing character: There is no 。 in font [lmroman10-regular]:mapping=tex-text;!

Package xeCJK Warning: Unknown CJK family `\CJKttdefault' is being ignored.
(xeCJK)                
(xeCJK)                Try to use `\setCJKmonofont[<...>]{<...>}' to define
(xeCJK)                it.

[1

] [2] [3]
Overfull \hbox (96.0pt too wide) in paragraph at lines 253--253
[]  \TU/lmtt/m/n/10 if (abs(pos_error) < POSITION_THRESHOLD && abs(control_error) < CONTROL_THRESHOLD)[] 
 []

[4] [5]
Missing character: There is no 代 in font [lmroman12-bold]:mapping=tex-text;!
Missing character: There is no 码 in font [lmroman12-bold]:mapping=tex-text;!
Missing character: There is no 使 in font [lmroman10-regular]:mapping=tex-text;!
Missing character: There is no 用 in font [lmroman10-regular]:mapping=tex-text;!
Missing character: There is no 实 in font [lmroman10-regular]:mapping=tex-text;!
Missing character: There is no 现 in font [lmroman10-regular]:mapping=tex-text;!
Missing character: There is no ， in font [lmroman10-regular]:mapping=tex-text;!
Missing character: There is no 提 in font [lmroman10-regular]:mapping=tex-text;!
Missing character: There is no 供 in font [lmroman10-regular]:mapping=tex-text;!
Missing character: There is no 用 in font [lmroman10-regular]:mapping=tex-text;!
Missing character: There is no 户 in font [lmroman10-regular]:mapping=tex-text;!
Missing character: There is no 友 in font [lmroman10-regular]:mapping=tex-text;!
Missing character: There is no 好 in font [lmroman10-regular]:mapping=tex-text;!
Missing character: There is no 的 in font [lmroman10-regular]:mapping=tex-text;!
Missing character: There is no 界 in font [lmroman10-regular]:mapping=tex-text;!
Missing character: There is no 面 in font [lmroman10-regular]:mapping=tex-text;!
Missing character: There is no 来 in font [lmroman10-regular]:mapping=tex-text;!
Missing character: There is no 调 in font [lmroman10-regular]:mapping=tex-text;!
Missing character: There is no 整 in font [lmroman10-regular]:mapping=tex-text;!
Missing character: There is no 参 in font [lmroman10-regular]:mapping=tex-text;!
Missing character: There is no 数 in font [lmroman10-regular]:mapping=tex-text;!
Missing character: There is no 和 in font [lmroman10-regular]:mapping=tex-text;!
Missing character: There is no 设 in font [lmroman10-regular]:mapping=tex-text;!
Missing character: There is no 定 in font [lmroman10-regular]:mapping=tex-text;!
Missing character: There is no 值 in font [lmroman10-regular]:mapping=tex-text;!
Missing character: There is no ， in font [lmroman10-regular]:mapping=tex-text;!
Missing character: There is no 并 in font [lmroman10-regular]:mapping=tex-text;!
Missing character: There is no 实 in font [lmroman10-regular]:mapping=tex-text;!
Missing character: There is no 时 in font [lmroman10-regular]:mapping=tex-text;!
Missing character: There is no 显 in font [lmroman10-regular]:mapping=tex-text;!
Missing character: There is no 示 in font [lmroman10-regular]:mapping=tex-text;!
Missing character: There is no 电 in font [lmroman10-regular]:mapping=tex-text;!
Missing character: There is no 机 in font [lmroman10-regular]:mapping=tex-text;!
Missing character: There is no 的 in font [lmroman10-regular]:mapping=tex-text;!
Missing character: There is no 位 in font [lmroman10-regular]:mapping=tex-text;!
Missing character: There is no 置 in font [lmroman10-regular]:mapping=tex-text;!
Missing character: There is no 和 in font [lmroman10-regular]:mapping=tex-text;!
Missing character: There is no 状 in font [lmroman10-regular]:mapping=tex-text;!
Missing character: There is no 态 in font [lmroman10-regular]:mapping=tex-text;!
Missing character: There is no 。 in font [lmroman10-regular]:mapping=tex-text;!

Overfull \hbox (1.5pt too wide) in paragraph at lines 568--568
[]        \TU/lmtt/m/n/10 self.port_label = tk.Label(self.root, text="Select Port:")[] 
 []

[6]
Overfull \hbox (153.75pt too wide) in paragraph at lines 568--568
[]        \TU/lmtt/m/n/10 self.connect_button = tk.Button(self.root, text="Connect", command=self.connect_serial)[] 
 []


Overfull \hbox (101.25pt too wide) in paragraph at lines 568--568
[]        \TU/lmtt/m/n/10 self.connection_status = tk.Label(self.root, text="Not Connected", bg="grey")[] 
 []


Overfull \hbox (164.25pt too wide) in paragraph at lines 568--568
[]        \TU/lmtt/m/n/10 self.kp_scale = tk.Scale(self.root, from_=0, to=10, resolution=0.1, orient=tk.HORIZONTAL)[] 
 []


Overfull \hbox (96.0pt too wide) in paragraph at lines 568--568
[]        \TU/lmtt/m/n/10 self.kp_button = tk.Button(self.root, text="Set Kp", command=self.update_kp)[] 
 []


Overfull \hbox (164.25pt too wide) in paragraph at lines 568--568
[]        \TU/lmtt/m/n/10 self.ki_scale = tk.Scale(self.root, from_=0, to=10, resolution=0.1, orient=tk.HORIZONTAL)[] 
 []


Overfull \hbox (96.0pt too wide) in paragraph at lines 568--568
[]        \TU/lmtt/m/n/10 self.ki_button = tk.Button(self.root, text="Set Ki", command=self.update_ki)[] 
 []


Overfull \hbox (164.25pt too wide) in paragraph at lines 568--568
[]        \TU/lmtt/m/n/10 self.kd_scale = tk.Scale(self.root, from_=0, to=10, resolution=0.1, orient=tk.HORIZONTAL)[] 
 []


Overfull \hbox (96.0pt too wide) in paragraph at lines 568--568
[]        \TU/lmtt/m/n/10 self.kd_button = tk.Button(self.root, text="Set Kd", command=self.update_kd)[] 
 []


Overfull \hbox (6.75pt too wide) in paragraph at lines 568--568
[]        \TU/lmtt/m/n/10 self.setpoint_label = tk.Label(self.root, text="Set Point")[] 
 []


Overfull \hbox (195.75pt too wide) in paragraph at lines 568--568
[]        \TU/lmtt/m/n/10 self.setpoint_button = tk.Button(self.root, text="Set Set Point", command=self.update_setpoint)[] 
 []


Overfull \hbox (90.75pt too wide) in paragraph at lines 568--568
[]        \TU/lmtt/m/n/10 self.current_position_label = tk.Label(self.root, text="Current Position:")[] 
 []


Overfull \hbox (12.0pt too wide) in paragraph at lines 568--568
[]        \TU/lmtt/m/n/10 self.current_position_value = tk.Label(self.root, text="0%")[] 
 []


Overfull \hbox (96.0pt too wide) in paragraph at lines 568--568
[]        \TU/lmtt/m/n/10 self.setpoint_display_label = tk.Label(self.root, text="Set Point Display:")[] 
 []


Overfull \hbox (12.0pt too wide) in paragraph at lines 568--568
[]        \TU/lmtt/m/n/10 self.setpoint_display_value = tk.Label(self.root, text="0%")[] 
 []

[7]
Overfull \hbox (27.75pt too wide) in paragraph at lines 568--568
[]        \TU/lmtt/m/n/10 self.kp_display_label = tk.Label(self.root, text="Kp Display:")[] 
 []


Overfull \hbox (27.75pt too wide) in paragraph at lines 568--568
[]        \TU/lmtt/m/n/10 self.ki_display_label = tk.Label(self.root, text="Ki Display:")[] 
 []


Overfull \hbox (27.75pt too wide) in paragraph at lines 568--568
[]        \TU/lmtt/m/n/10 self.kd_display_label = tk.Label(self.root, text="Kd Display:")[] 
 []


Overfull \hbox (27.75pt too wide) in paragraph at lines 568--568
[]        \TU/lmtt/m/n/10 self.led_status = tk.Label(self.root, text="TUNING", bg="grey")[] 
 []


Overfull \hbox (59.25pt too wide) in paragraph at lines 568--568
[]        \TU/lmtt/m/n/10 self.canvas = tk.Canvas(self.root, width=200, height=200, bg="white")[] 
 []


Overfull \hbox (201.0pt too wide) in paragraph at lines 568--568
[]        \TU/lmtt/m/n/10 self.arc = self.canvas.create_arc(50, 50, 150, 150, start=90, extent=0, outline="blue", width=2)[] 
 []


Overfull \hbox (248.25pt too wide) in paragraph at lines 568--568
[]        \TU/lmtt/m/n/10 self.set_point_arc = self.canvas.create_arc(50, 50, 150, 150, start=90, extent=0, outline="red", width=2)[] 
 []


Overfull \hbox (174.75pt too wide) in paragraph at lines 568--568
[]        \TU/lmtt/m/n/10 self.text_box = scrolledtext.ScrolledText(self.root, width=50, height=10, state='disabled')[] 
 []


Overfull \hbox (54.0pt too wide) in paragraph at lines 568--568
[]        \TU/lmtt/m/n/10 self.text_box.grid(row=11, column=0, columnspan=5, padx=10, pady=10)[] 
 []

Missing character: There is no 每 in font [lmmono10-regular]:!
Missing character: There is no 隔 in font [lmmono10-regular]:!
Missing character: There is no 秒 in font [lmmono10-regular]:!
Missing character: There is no 刷 in font [lmmono10-regular]:!
Missing character: There is no 新 in font [lmmono10-regular]:!
Missing character: There is no 一 in font [lmmono10-regular]:!
Missing character: There is no 次 in font [lmmono10-regular]:!
Missing character: There is no 端 in font [lmmono10-regular]:!
Missing character: There is no 口 in font [lmmono10-regular]:!
Missing character: There is no 列 in font [lmmono10-regular]:!
Missing character: There is no 表 in font [lmmono10-regular]:!

Overfull \hbox (54.00003pt too wide) in paragraph at lines 568--568
[]        \TU/lmtt/m/n/10 self.root.after(1000, self.refresh_ports)  #  每 隔 1 秒 刷 新 一 次 端 口 列 表 [] 
 []

[8]
Overfull \hbox (12.0pt too wide) in paragraph at lines 568--568
[]                    \TU/lmtt/m/n/10 self.serial_port_manager.set_name(selected_port)[] 
 []


Overfull \hbox (69.75pt too wide) in paragraph at lines 568--568
[]                    \TU/lmtt/m/n/10 self.connection_status.config(text="Connected", bg="green")[] 
 []


Overfull \hbox (101.25pt too wide) in paragraph at lines 568--568
[]                    \TU/lmtt/m/n/10 self.connection_status.config(text="Connection Failed", bg="red")[] 
 []


Overfull \hbox (75.0pt too wide) in paragraph at lines 568--568
[]                \TU/lmtt/m/n/10 self.connection_status.config(text="No Port Selected", bg="red")[] 
 []


Overfull \hbox (22.5pt too wide) in paragraph at lines 568--568
[]        \TU/lmtt/m/n/10 self.connection_status.config(text="Not Connected", bg="grey")[] 
 []

[9]
Overfull \hbox (12.0pt too wide) in paragraph at lines 568--568
[]                    \TU/lmtt/m/n/10 self.serial_port_manager.write(command.encode())[] 
 []


Overfull \hbox (48.75pt too wide) in paragraph at lines 568--568
[]        \TU/lmtt/m/n/10 line = self.serial_port_manager.read_line().decode('utf-8').strip()[] 
 []


Overfull \hbox (33.0pt too wide) in paragraph at lines 568--568
[]                \TU/lmtt/m/n/10 self.setpoint_display_value.config(text=f"{set_point}%")[] 
 []


Overfull \hbox (27.75pt too wide) in paragraph at lines 568--568
[]                \TU/lmtt/m/n/10 self.current_position_value.config(text=f"{curr_pos}%")[] 
 []


Overfull \hbox (12.0pt too wide) in paragraph at lines 568--568
[]                    \TU/lmtt/m/n/10 self.led_status.config(text="READY", bg="green")[] 
 []


Overfull \hbox (22.5pt too wide) in paragraph at lines 568--568
[]                    \TU/lmtt/m/n/10 self.led_status.config(text="TUNING", bg="yellow")[] 
 []


Overfull \hbox (48.75pt too wide) in paragraph at lines 568--568
[]        \TU/lmtt/m/n/10 self.canvas.itemconfig(self.set_point_arc, extent=set_point_extent)[] 
 []


Overfull \hbox (6.75pt too wide) in paragraph at lines 568--568
[]        \TU/lmtt/m/n/10 self.canvas.itemconfig(self.arc, extent=current_pos_extent)[] 
 []


Overfull \hbox (6.75pt too wide) in paragraph at lines 568--568
[]        \TU/lmtt/m/n/10 serial_port_buffer = self.serial_port_manager.read_buffer()[] 
 []


Overfull \hbox (54.0pt too wide) in paragraph at lines 568--568
[]            \TU/lmtt/m/n/10 self.text_box.insert(tk.END, serial_port_buffer.decode("ascii"))[] 
 []

[10]
Overfull \hbox (64.5pt too wide) in paragraph at lines 568--568
[]        \TU/lmtt/m/n/10 self.serial_port_thread = threading.Thread(target=self.thread_handler)[] 
 []


Overfull \hbox (6.75pt too wide) in paragraph at lines 568--568
[]                        \TU/lmtt/m/n/10 serial_port_byte = self.serial_port.read(1)[] 
 []


Overfull \hbox (206.25pt too wide) in paragraph at lines 568--568
[]                        \TU/lmtt/m/n/10 self.serial_port_buffer.append(int.from_bytes(serial_port_byte, byteorder='big'))[] 
 []


Overfull \hbox (54.0pt too wide) in paragraph at lines 568--568
[]                        \TU/lmtt/m/n/10 self.line_buffer += serial_port_byte.decode('utf-8')[] 
 []

[11]
Overfull \hbox (22.5pt too wide) in paragraph at lines 568--568
[]            \TU/lmtt/m/n/10 print(f"Update app with data: {data_line}")  # Debug print[] 
 []


Overfull \hbox (54.0pt too wide) in paragraph at lines 568--568
[]                \TU/lmtt/m/n/10 self.app.setpoint_display_value.config(text=f"{set_point}%")[] 
 []


Overfull \hbox (48.75pt too wide) in paragraph at lines 568--568
[]                \TU/lmtt/m/n/10 self.app.current_position_value.config(text=f"{curr_pos}%")[] 
 []


Overfull \hbox (33.0pt too wide) in paragraph at lines 568--568
[]                    \TU/lmtt/m/n/10 self.app.led_status.config(text="READY", bg="green")[] 
 []


Overfull \hbox (43.5pt too wide) in paragraph at lines 568--568
[]                    \TU/lmtt/m/n/10 self.app.led_status.config(text="TUNING", bg="yellow")[] 
 []

[12]
Missing character: There is no 实 in font [lmroman12-bold]:mapping=tex-text;!
Missing character: There is no 验 in font [lmroman12-bold]:mapping=tex-text;!
Missing character: There is no 结 in font [lmroman12-bold]:mapping=tex-text;!
Missing character: There is no 果 in font [lmroman12-bold]:mapping=tex-text;!
Missing character: There is no 通 in font [lmroman10-regular]:mapping=tex-text;!
Missing character: There is no 过 in font [lmroman10-regular]:mapping=tex-text;!
Missing character: There is no 和 in font [lmroman10-regular]:mapping=tex-text;!
Missing character: There is no 之 in font [lmroman10-regular]:mapping=tex-text;!
Missing character: There is no 间 in font [lmroman10-regular]:mapping=tex-text;!
Missing character: There is no 的 in font [lmroman10-regular]:mapping=tex-text;!
Missing character: There is no 串 in font [lmroman10-regular]:mapping=tex-text;!
Missing character: There is no 口 in font [lmroman10-regular]:mapping=tex-text;!
Missing character: There is no 通 in font [lmroman10-regular]:mapping=tex-text;!
Missing character: There is no 信 in font [lmroman10-regular]:mapping=tex-text;!
Missing character: There is no ， in font [lmroman10-regular]:mapping=tex-text;!
Missing character: There is no 我 in font [lmroman10-regular]:mapping=tex-text;!
Missing character: There is no 们 in font [lmroman10-regular]:mapping=tex-text;!
Missing character: There is no 成 in font [lmroman10-regular]:mapping=tex-text;!
Missing character: There is no 功 in font [lmroman10-regular]:mapping=tex-text;!
Missing character: There is no 实 in font [lmroman10-regular]:mapping=tex-text;!
Missing character: There is no 现 in font [lmroman10-regular]:mapping=tex-text;!
Missing character: There is no 了 in font [lmroman10-regular]:mapping=tex-text;!
Missing character: There is no 实 in font [lmroman10-regular]:mapping=tex-text;!
Missing character: There is no 时 in font [lmroman10-regular]:mapping=tex-text;!
Missing character: There is no 调 in font [lmroman10-regular]:mapping=tex-text;!
Missing character: There is no 整 in font [lmroman10-regular]:mapping=tex-text;!
Missing character: There is no 参 in font [lmroman10-regular]:mapping=tex-text;!
Missing character: There is no 数 in font [lmroman10-regular]:mapping=tex-text;!
Missing character: There is no 并 in font [lmroman10-regular]:mapping=tex-text;!
Missing character: There is no 控 in font [lmroman10-regular]:mapping=tex-text;!
Missing character: There is no 制 in font [lmroman10-regular]:mapping=tex-text;!
Missing character: There is no 电 in font [lmroman10-regular]:mapping=tex-text;!
Missing character: There is no 机 in font [lmroman10-regular]:mapping=tex-text;!
Missing character: There is no 的 in font [lmroman10-regular]:mapping=tex-text;!
Missing character: There is no 位 in font [lmroman10-regular]:mapping=tex-text;!
Missing character: There is no 置 in font [lmroman10-regular]:mapping=tex-text;!
Missing character: There is no 。 in font [lmroman10-regular]:mapping=tex-text;!
Missing character: There is no 实 in font [lmroman10-regular]:mapping=tex-text;!
Missing character: There is no 验 in font [lmroman10-regular]:mapping=tex-text;!
Missing character: There is no 结 in font [lmroman10-regular]:mapping=tex-text;!
Missing character: There is no 果 in font [lmroman10-regular]:mapping=tex-text;!
Missing character: There is no 表 in font [lmroman10-regular]:mapping=tex-text;!
Missing character: There is no 明 in font [lmroman10-regular]:mapping=tex-text;!
Missing character: There is no ， in font [lmroman10-regular]:mapping=tex-text;!
Missing character: There is no 该 in font [lmroman10-regular]:mapping=tex-text;!
Missing character: There is no 系 in font [lmroman10-regular]:mapping=tex-text;!
Missing character: There is no 统 in font [lmroman10-regular]:mapping=tex-text;!
Missing character: There is no 能 in font [lmroman10-regular]:mapping=tex-text;!
Missing character: There is no 够 in font [lmroman10-regular]:mapping=tex-text;!
Missing character: There is no 有 in font [lmroman10-regular]:mapping=tex-text;!
Missing character: There is no 效 in font [lmroman10-regular]:mapping=tex-text;!
Missing character: There is no 地 in font [lmroman10-regular]:mapping=tex-text;!
Missing character: There is no 调 in font [lmroman10-regular]:mapping=tex-text;!
Missing character: There is no 整 in font [lmroman10-regular]:mapping=tex-text;!
Missing character: There is no 电 in font [lmroman10-regular]:mapping=tex-text;!
Missing character: There is no 机 in font [lmroman10-regular]:mapping=tex-text;!
Missing character: There is no 位 in font [lmroman10-regular]:mapping=tex-text;!
Missing character: There is no 置 in font [lmroman10-regular]:mapping=tex-text;!
Missing character: There is no ， in font [lmroman10-regular]:mapping=tex-text;!
Missing character: There is no 且 in font [lmroman10-regular]:mapping=tex-text;!
Missing character: There is no 响 in font [lmroman10-regular]:mapping=tex-text;!
Missing character: There is no 应 in font [lmroman10-regular]:mapping=tex-text;!
Missing character: There is no 速 in font [lmroman10-regular]:mapping=tex-text;!
Missing character: There is no 度 in font [lmroman10-regular]:mapping=tex-text;!
Missing character: There is no 和 in font [lmroman10-regular]:mapping=tex-text;!
Missing character: There is no 精 in font [lmroman10-regular]:mapping=tex-text;!
Missing character: There is no 度 in font [lmroman10-regular]:mapping=tex-text;!
Missing character: There is no 均 in font [lmroman10-regular]:mapping=tex-text;!
Missing character: There is no 达 in font [lmroman10-regular]:mapping=tex-text;!
Missing character: There is no 到 in font [lmroman10-regular]:mapping=tex-text;!
Missing character: There is no 了 in font [lmroman10-regular]:mapping=tex-text;!
Missing character: There is no 预 in font [lmroman10-regular]:mapping=tex-text;!
Missing character: There is no 期 in font [lmroman10-regular]:mapping=tex-text;!
Missing character: There is no 。 in font [lmroman10-regular]:mapping=tex-text;!
Missing character: There is no 结 in font [lmroman12-bold]:mapping=tex-text;!
Missing character: There is no 论 in font [lmroman12-bold]:mapping=tex-text;!
Missing character: There is no 本 in font [lmroman10-regular]:mapping=tex-text;!
Missing character: There is no 实 in font [lmroman10-regular]:mapping=tex-text;!
Missing character: There is no 验 in font [lmroman10-regular]:mapping=tex-text;!
Missing character: There is no 通 in font [lmroman10-regular]:mapping=tex-text;!
Missing character: There is no 过 in font [lmroman10-regular]:mapping=tex-text;!
Missing character: There is no 结 in font [lmroman10-regular]:mapping=tex-text;!
Missing character: There is no 合 in font [lmroman10-regular]:mapping=tex-text;!
Missing character: There is no 和 in font [lmroman10-regular]:mapping=tex-text;!
Missing character: There is no ， in font [lmroman10-regular]:mapping=tex-text;!
Missing character: There is no 实 in font [lmroman10-regular]:mapping=tex-text;!
Missing character: There is no 现 in font [lmroman10-regular]:mapping=tex-text;!
Missing character: There is no 了 in font [lmroman10-regular]:mapping=tex-text;!
Missing character: There is no 电 in font [lmroman10-regular]:mapping=tex-text;!
Missing character: There is no 机 in font [lmroman10-regular]:mapping=tex-text;!
Missing character: There is no 的 in font [lmroman10-regular]:mapping=tex-text;!
Missing character: There is no 精 in font [lmroman10-regular]:mapping=tex-text;!
Missing character: There is no 确 in font [lmroman10-regular]:mapping=tex-text;!
Missing character: There is no 控 in font [lmroman10-regular]:mapping=tex-text;!
Missing character: There is no 制 in font [lmroman10-regular]:mapping=tex-text;!
Missing character: There is no 。 in font [lmroman10-regular]:mapping=tex-text;!
Missing character: There is no 通 in font [lmroman10-regular]:mapping=tex-text;!
Missing character: There is no 过 in font [lmroman10-regular]:mapping=tex-text;!
Missing character: There is no 实 in font [lmroman10-regular]:mapping=tex-text;!
Missing character: There is no 时 in font [lmroman10-regular]:mapping=tex-text;!
Missing character: There is no 调 in font [lmroman10-regular]:mapping=tex-text;!
Missing character: There is no 整 in font [lmroman10-regular]:mapping=tex-text;!
Missing character: There is no 参 in font [lmroman10-regular]:mapping=tex-text;!
Missing character: There is no 数 in font [lmroman10-regular]:mapping=tex-text;!
Missing character: There is no ， in font [lmroman10-regular]:mapping=tex-text;!
Missing character: There is no 我 in font [lmroman10-regular]:mapping=tex-text;!
Missing character: There is no 们 in font [lmroman10-regular]:mapping=tex-text;!
Missing character: There is no 能 in font [lmroman10-regular]:mapping=tex-text;!
Missing character: There is no 够 in font [lmroman10-regular]:mapping=tex-text;!
Missing character: There is no 更 in font [lmroman10-regular]:mapping=tex-text;!
Missing character: There is no 好 in font [lmroman10-regular]:mapping=tex-text;!
Missing character: There is no 地 in font [lmroman10-regular]:mapping=tex-text;!
Missing character: There is no 理 in font [lmroman10-regular]:mapping=tex-text;!
Missing character: There is no 解 in font [lmroman10-regular]:mapping=tex-text;!
Missing character: There is no 控 in font [lmroman10-regular]:mapping=tex-text;!
Missing character: There is no 制 in font [lmroman10-regular]:mapping=tex-text;!
Missing character: There is no 的 in font [lmroman10-regular]:mapping=tex-text;!
Missing character: There is no 原 in font [lmroman10-regular]:mapping=tex-text;!
Missing character: There is no 理 in font [lmroman10-regular]:mapping=tex-text;!
Missing character: There is no 及 in font [lmroman10-regular]:mapping=tex-text;!
Missing character: There is no 其 in font [lmroman10-regular]:mapping=tex-text;!
Missing character: There is no 在 in font [lmroman10-regular]:mapping=tex-text;!
Missing character: There is no 实 in font [lmroman10-regular]:mapping=tex-text;!
Missing character: There is no 际 in font [lmroman10-regular]:mapping=tex-text;!
Missing character: There is no 应 in font [lmroman10-regular]:mapping=tex-text;!
Missing character: There is no 用 in font [lmroman10-regular]:mapping=tex-text;!
Missing character: There is no 中 in font [lmroman10-regular]:mapping=tex-text;!
Missing character: There is no 的 in font [lmroman10-regular]:mapping=tex-text;!
Missing character: There is no 效 in font [lmroman10-regular]:mapping=tex-text;!
Missing character: There is no 果 in font [lmroman10-regular]:mapping=tex-text;!
Missing character: There is no 。 in font [lmroman10-regular]:mapping=tex-text;!
Missing character: There is no 附 in font [lmroman12-bold]:mapping=tex-text;!
Missing character: There is no 录 in font [lmroman12-bold]:mapping=tex-text;!
Missing character: There is no 实 in font [lmroman10-regular]:mapping=tex-text;!
Missing character: There is no 验 in font [lmroman10-regular]:mapping=tex-text;!
Missing character: There is no 过 in font [lmroman10-regular]:mapping=tex-text;!
Missing character: There is no 程 in font [lmroman10-regular]:mapping=tex-text;!
Missing character: There is no 中 in font [lmroman10-regular]:mapping=tex-text;!
Missing character: There is no 使 in font [lmroman10-regular]:mapping=tex-text;!
Missing character: There is no 用 in font [lmroman10-regular]:mapping=tex-text;!
Missing character: There is no 的 in font [lmroman10-regular]:mapping=tex-text;!
Missing character: There is no 图 in font [lmroman10-regular]:mapping=tex-text;!
Missing character: There is no 片 in font [lmroman10-regular]:mapping=tex-text;!
Missing character: There is no 和 in font [lmroman10-regular]:mapping=tex-text;!
Missing character: There is no 电 in font [lmroman10-regular]:mapping=tex-text;!
Missing character: There is no 路 in font [lmroman10-regular]:mapping=tex-text;!
Missing character: There is no 图 in font [lmroman10-regular]:mapping=tex-text;!
Missing character: There is no 如 in font [lmroman10-regular]:mapping=tex-text;!
Missing character: There is no 下 in font [lmroman10-regular]:mapping=tex-text;!
Missing character: There is no ： in font [lmroman10-regular]:mapping=tex-text;!

LaTeX Warning: File `path/to/image.png' not found on input line 581.

c:/Users/WANGZ/Documents/GitHub/EmbedDevelop-Summer2024/Part1-Arduino/报告Tex/main.tex:581: Unable to load picture or PDF file 'path/to/image.png'.
<to be read again> 
                   }
l.581 ...hics[width=\textwidth]{path/to/image.png}
                                                  
The requested image couldn't be read because
it was not a recognized image format.


c:/Users/WANGZ/Documents/GitHub/EmbedDevelop-Summer2024/Part1-Arduino/报告Tex/main.tex:581: Package graphics Error: Division by 0.

See the graphics package documentation for explanation.
Type  H <return>  for immediate help.
 ...                                              
                                                  
l.581 ...hics[width=\textwidth]{path/to/image.png}
                                                  
Your command was ignored.
Type  I <command> <return>  to replace it with another command,
or  <return>  to continue without it.

File: path/to/image.png Graphic file (type bmp)
<path/to/image.png>
Missing character: There is no 实 in font [lmroman10-regular]:mapping=tex-text;!
Missing character: There is no 验 in font [lmroman10-regular]:mapping=tex-text;!
Missing character: There is no 设 in font [lmroman10-regular]:mapping=tex-text;!
Missing character: There is no 置 in font [lmroman10-regular]:mapping=tex-text;!

LaTeX Warning: File `path/to/image.png' not found on input line 587.


c:/Users/WANGZ/Documents/GitHub/EmbedDevelop-Summer2024/Part1-Arduino/报告Tex/main.tex:587: Package graphics Error: Division by 0.

See the graphics package documentation for explanation.
Type  H <return>  for immediate help.
 ...                                              
                                                  
l.587 ...hics[width=\textwidth]{path/to/image.png}
                                                  
Your command was ignored.
Type  I <command> <return>  to replace it with another command,
or  <return>  to continue without it.

File: path/to/image.png Graphic file (type bmp)
<path/to/image.png>
Missing character: There is no 电 in font [lmroman10-regular]:mapping=tex-text;!
Missing character: There is no 路 in font [lmroman10-regular]:mapping=tex-text;!
Missing character: There is no 图 in font [lmroman10-regular]:mapping=tex-text;!
[13] (main.aux)
 ***********
LaTeX2e <2023-11-01> patch level 1
L3 programming layer <2022/08/05>
 ***********


LaTeX Font Warning: Some font shapes were not available, defaults substituted.

 ) 
Here is how much of TeX's memory you used:
 6015 strings out of 409617
 171155 string characters out of 5778276
 1935191 words of memory out of 5000000
 28073 multiletter control sequences out of 15000+600000
 562125 words of font info for 61 fonts, out of 8000000 for 9000
 1348 hyphenation exceptions out of 8191
 74i,6n,81p,380b,870s stack positions out of 10000i,1000n,20000p,200000b,200000s

Output written on main.xdv (13 pages, 152408 bytes).
